# lattice-best-path --lm-scale=7 --word-symbol-table=exp/mono/graph/words.txt "ark:gunzip -c exp/mono/decode/lat.*.gz|" ark,t:exp/mono/decode/scoring/7.tra 
# Started at Thứ hai, 11 Tháng 4 năm 2022 14:51:22 +07
#
lattice-best-path --lm-scale=7 --word-symbol-table=exp/mono/graph/words.txt 'ark:gunzip -c exp/mono/decode/lat.*.gz|' ark,t:exp/mono/decode/scoring/7.tra 
LOG (lattice-best-path[5.5.1009~1-e4940]:main():lattice-best-path.cc:99) For utterance S_S10_D1, best cost 713.226 + 71121.2 = 71834.5 over 697 frames.
S_S10_D1 hai mười mươi năm mươi sáu sáu hai trăm ba sáu một mươi mươi một mươi một 
LOG (lattice-best-path[5.5.1009~1-e4940]:main():lattice-best-path.cc:99) For utterance S_S10_D2, best cost 775.128 + 76397.7 = 77172.9 over 725 frames.
S_S10_D2 ba trăm trăm mươi một chín trăm năm lẻ một một ba hai lăm mươi 
LOG (lattice-best-path[5.5.1009~1-e4940]:main():lattice-best-path.cc:99) For utterance S_S10_D3, best cost 652.523 + 77517 = 78169.5 over 735 frames.
S_S10_D3 một trăm năm hai chín trăm một năm trăm hai mươi trăm trăm 
LOG (lattice-best-path[5.5.1009~1-e4940]:main():lattice-best-path.cc:99) For utterance S_S10_D4, best cost 730.977 + 72848.3 = 73579.3 over 697 frames.
S_S10_D4 hai trăm mươi một sáu năm trăm một hai trăm ba mươi sáu hai trăm lăm mươi mươi 
LOG (lattice-best-path[5.5.1009~1-e4940]:main():lattice-best-path.cc:99) For utterance S_S10_D5, best cost 690.607 + 77436.1 = 78126.8 over 759 frames.
S_S10_D5 mươi trăm trăm hai một trăm lăm sáu trăm mươi sáu sáu trăm mươi sáu 
LOG (lattice-best-path[5.5.1009~1-e4940]:main():lattice-best-path.cc:99) For utterance S_S10_D6, best cost 716.528 + 71413.7 = 72130.2 over 690 frames.
S_S10_D6 mươi mươi một hai mươi ba trăm mươi ba hai mươi trăm năm hai trăm một sáu 
LOG (lattice-best-path[5.5.1009~1-e4940]:main():lattice-best-path.cc:99) For utterance S_S14_D1, best cost 657.71 + 56517.7 = 57175.4 over 540 frames.
S_S14_D1 sáu trăm trăm trăm bảy sáu trăm sáu mươi mươi sáu trăm ba trăm sáu bảy mươi hai 
LOG (lattice-best-path[5.5.1009~1-e4940]:main():lattice-best-path.cc:99) For utterance S_S14_D2, best cost 857.33 + 71901.2 = 72758.5 over 702 frames.
S_S14_D2 tám trăm tám ba mươi sáu sáu chín tám mốt sáu mươi tám tám lăm lẻ sáu trăm bảy mươi 
LOG (lattice-best-path[5.5.1009~1-e4940]:main():lattice-best-path.cc:99) For utterance S_S14_D3, best cost 848.409 + 69639.9 = 70488.3 over 676 frames.
S_S14_D3 sáu mươi trăm chín mươi mươi sáu chín tám bảy trăm ba sáu năm tám trăm tám sáu ba hai trăm mươi trăm 
LOG (lattice-best-path[5.5.1009~1-e4940]:main():lattice-best-path.cc:99) For utterance S_S14_D4, best cost 825.805 + 77874.1 = 78700 over 762 frames.
S_S14_D4 sáu trăm tám mươi ba sáu mươi tám sáu sáu năm bảy sáu mươi chín mươi sáu sáu trăm mươi trăm sáu 
LOG (lattice-best-path[5.5.1009~1-e4940]:main():lattice-best-path.cc:99) For utterance S_S14_D5, best cost 790.82 + 68310 = 69100.8 over 672 frames.
S_S14_D5 sáu tám tám tám hai sáu trăm tám mươi sáu mươi tám mươi ba sáu chín mươi năm hai hai 
LOG (lattice-best-path[5.5.1009~1-e4940]:main():lattice-best-path.cc:99) For utterance S_S14_D6, best cost 841.71 + 67773.7 = 68615.4 over 668 frames.
S_S14_D6 sáu năm mươi lăm mươi sáu mốt trăm trăm sáu mươi hai trăm tám năm bảy sáu ba trăm ba tám sáu 
LOG (lattice-best-path[5.5.1009~1-e4940]:main():lattice-best-path.cc:124) Overall cost per frame is 104.271 = 1.09345 [graph] + 103.178 [acoustic] over 8323 frames.
LOG (lattice-best-path[5.5.1009~1-e4940]:main():lattice-best-path.cc:128) Done 12 lattices, failed for 0
# Accounting: time=0 threads=1
# Ended (code 0) at Thứ hai, 11 Tháng 4 năm 2022 14:51:22 +07, elapsed time 0 seconds
