# lattice-best-path --lm-scale=15 --word-symbol-table=exp/mono/graph/words.txt "ark:gunzip -c exp/mono/decode/lat.*.gz|" ark,t:exp/mono/decode/scoring/15.tra 
# Started at Thứ hai, 11 Tháng 4 năm 2022 14:51:23 +07
#
lattice-best-path --lm-scale=15 --word-symbol-table=exp/mono/graph/words.txt 'ark:gunzip -c exp/mono/decode/lat.*.gz|' ark,t:exp/mono/decode/scoring/15.tra 
LOG (lattice-best-path[5.5.1009~1-e4940]:main():lattice-best-path.cc:99) For utterance S_S10_D1, best cost 1154.97 + 71380.2 = 72535.2 over 697 frames.
S_S10_D1 hai sáu mươi mươi sáu trăm sáu một mươi mươi một mươi 
LOG (lattice-best-path[5.5.1009~1-e4940]:main():lattice-best-path.cc:99) For utterance S_S10_D2, best cost 1329.01 + 76604.8 = 77933.8 over 725 frames.
S_S10_D2 trăm mươi một trăm lẻ một một mươi hai trăm mươi 
LOG (lattice-best-path[5.5.1009~1-e4940]:main():lattice-best-path.cc:99) For utterance S_S10_D3, best cost 1370.64 + 77534.6 = 78905.2 over 735 frames.
S_S10_D3 một trăm trăm hai chín trăm một năm trăm hai mươi trăm trăm 
LOG (lattice-best-path[5.5.1009~1-e4940]:main():lattice-best-path.cc:99) For utterance S_S10_D4, best cost 1151.78 + 73147.3 = 74299 over 697 frames.
S_S10_D4 trăm mươi một trăm trăm một trăm sáu hai trăm mươi 
LOG (lattice-best-path[5.5.1009~1-e4940]:main():lattice-best-path.cc:99) For utterance S_S10_D5, best cost 1199.57 + 77628.6 = 78828.2 over 759 frames.
S_S10_D5 trăm trăm hai một trăm lăm sáu mươi sáu trăm 
LOG (lattice-best-path[5.5.1009~1-e4940]:main():lattice-best-path.cc:99) For utterance S_S10_D6, best cost 1245.08 + 71605.9 = 72851 over 690 frames.
S_S10_D6 mươi mươi hai mươi ba trăm mươi hai mươi trăm mươi hai trăm 
LOG (lattice-best-path[5.5.1009~1-e4940]:main():lattice-best-path.cc:99) For utterance S_S14_D1, best cost 1233.21 + 56658.4 = 57891.6 over 540 frames.
S_S14_D1 sáu trăm trăm trăm bảy sáu trăm sáu mươi sáu trăm ba trăm sáu mươi 
LOG (lattice-best-path[5.5.1009~1-e4940]:main():lattice-best-path.cc:99) For utterance S_S14_D2, best cost 1597.72 + 72067.6 = 73665.3 over 702 frames.
S_S14_D2 tám mươi tám ba mươi sáu chín tám mốt mươi tám tám lẻ sáu trăm ba mươi 
LOG (lattice-best-path[5.5.1009~1-e4940]:main():lattice-best-path.cc:99) For utterance S_S14_D3, best cost 1422.85 + 69863.5 = 71286.3 over 676 frames.
S_S14_D3 sáu mươi trăm chín chín tám bảy sáu năm tám trăm mươi ba hai trăm trăm 
LOG (lattice-best-path[5.5.1009~1-e4940]:main():lattice-best-path.cc:99) For utterance S_S14_D4, best cost 1514.33 + 78051.6 = 79565.9 over 762 frames.
S_S14_D4 sáu trăm tám mươi ba sáu mươi tám sáu sáu mươi chín mươi sáu trăm mươi trăm 
LOG (lattice-best-path[5.5.1009~1-e4940]:main():lattice-best-path.cc:99) For utterance S_S14_D5, best cost 1655.29 + 68341 = 69996.3 over 672 frames.
S_S14_D5 sáu tám tám tám mươi sáu trăm tám mươi sáu mươi tám mươi sáu chín mươi năm hai hai 
LOG (lattice-best-path[5.5.1009~1-e4940]:main():lattice-best-path.cc:99) For utterance S_S14_D6, best cost 1523.65 + 67979.9 = 69503.6 over 668 frames.
S_S14_D6 sáu năm mươi sáu mốt trăm trăm sáu mươi hai trăm năm bảy sáu ba trăm ba tám 
LOG (lattice-best-path[5.5.1009~1-e4940]:main():lattice-best-path.cc:124) Overall cost per frame is 105.402 = 1.97022 [graph] + 103.432 [acoustic] over 8323 frames.
LOG (lattice-best-path[5.5.1009~1-e4940]:main():lattice-best-path.cc:128) Done 12 lattices, failed for 0
# Accounting: time=0 threads=1
# Ended (code 0) at Thứ hai, 11 Tháng 4 năm 2022 14:51:23 +07, elapsed time 0 seconds
