# lattice-best-path --lm-scale=8 --word-symbol-table=exp/mono/graph/words.txt "ark:gunzip -c exp/mono/decode/lat.*.gz|" ark,t:exp/mono/decode/scoring/8.tra 
# Started at Thứ hai, 11 Tháng 4 năm 2022 14:51:22 +07
#
lattice-best-path --lm-scale=8 --word-symbol-table=exp/mono/graph/words.txt 'ark:gunzip -c exp/mono/decode/lat.*.gz|' ark,t:exp/mono/decode/scoring/8.tra 
LOG (lattice-best-path[5.5.1009~1-e4940]:main():lattice-best-path.cc:99) For utterance S_S10_D1, best cost 774.027 + 71160.4 = 71934.4 over 697 frames.
S_S10_D1 hai mười mươi mươi sáu sáu hai trăm ba sáu một mươi mươi một mươi một 
LOG (lattice-best-path[5.5.1009~1-e4940]:main():lattice-best-path.cc:99) For utterance S_S10_D2, best cost 781.982 + 76499.2 = 77281.2 over 725 frames.
S_S10_D2 trăm trăm mươi một chín trăm lẻ một một ba hai trăm mươi 
LOG (lattice-best-path[5.5.1009~1-e4940]:main():lattice-best-path.cc:99) For utterance S_S10_D3, best cost 745.74 + 77517 = 78262.7 over 735 frames.
S_S10_D3 một trăm năm hai chín trăm một năm trăm hai mươi trăm trăm 
LOG (lattice-best-path[5.5.1009~1-e4940]:main():lattice-best-path.cc:99) For utterance S_S10_D4, best cost 835.403 + 72848.3 = 73683.7 over 697 frames.
S_S10_D4 hai trăm mươi một sáu năm trăm một hai trăm ba mươi sáu hai trăm lăm mươi mươi 
LOG (lattice-best-path[5.5.1009~1-e4940]:main():lattice-best-path.cc:99) For utterance S_S10_D5, best cost 761.336 + 77461.7 = 78223 over 759 frames.
S_S10_D5 trăm trăm hai một trăm lăm sáu trăm mươi sáu sáu trăm mươi sáu 
LOG (lattice-best-path[5.5.1009~1-e4940]:main():lattice-best-path.cc:99) For utterance S_S10_D6, best cost 775.548 + 71453 = 72228.5 over 690 frames.
S_S10_D6 mươi mươi hai mươi ba trăm mươi ba hai mươi trăm năm hai trăm một sáu 
LOG (lattice-best-path[5.5.1009~1-e4940]:main():lattice-best-path.cc:99) For utterance S_S14_D1, best cost 751.668 + 56517.7 = 57269.4 over 540 frames.
S_S14_D1 sáu trăm trăm trăm bảy sáu trăm sáu mươi mươi sáu trăm ba trăm sáu bảy mươi hai 
LOG (lattice-best-path[5.5.1009~1-e4940]:main():lattice-best-path.cc:99) For utterance S_S14_D2, best cost 978.27 + 71902.6 = 72880.9 over 702 frames.
S_S14_D2 tám trăm tám ba mươi sáu sáu chín tám mốt sáu mươi tám tám lăm lẻ sáu trăm ba mươi 
LOG (lattice-best-path[5.5.1009~1-e4940]:main():lattice-best-path.cc:99) For utterance S_S14_D3, best cost 869.87 + 69732.3 = 70602.1 over 676 frames.
S_S14_D3 sáu mươi trăm chín mươi mươi sáu chín tám bảy sáu năm tám trăm tám sáu ba hai trăm trăm 
LOG (lattice-best-path[5.5.1009~1-e4940]:main():lattice-best-path.cc:99) For utterance S_S14_D4, best cost 943.777 + 77874.1 = 78817.9 over 762 frames.
S_S14_D4 sáu trăm tám mươi ba sáu mươi tám sáu sáu năm bảy sáu mươi chín mươi sáu sáu trăm mươi trăm sáu 
LOG (lattice-best-path[5.5.1009~1-e4940]:main():lattice-best-path.cc:99) For utterance S_S14_D5, best cost 903.795 + 68310 = 69213.8 over 672 frames.
S_S14_D5 sáu tám tám tám hai sáu trăm tám mươi sáu mươi tám mươi ba sáu chín mươi năm hai hai 
LOG (lattice-best-path[5.5.1009~1-e4940]:main():lattice-best-path.cc:99) For utterance S_S14_D6, best cost 930.737 + 67803.6 = 68734.3 over 668 frames.
S_S14_D6 sáu năm mươi lăm mươi sáu mốt trăm trăm sáu mươi hai trăm tám năm bảy sáu ba trăm ba tám 
LOG (lattice-best-path[5.5.1009~1-e4940]:main():lattice-best-path.cc:124) Overall cost per frame is 104.425 = 1.20776 [graph] + 103.218 [acoustic] over 8323 frames.
LOG (lattice-best-path[5.5.1009~1-e4940]:main():lattice-best-path.cc:128) Done 12 lattices, failed for 0
# Accounting: time=0 threads=1
# Ended (code 0) at Thứ hai, 11 Tháng 4 năm 2022 14:51:22 +07, elapsed time 0 seconds
