# lattice-best-path --lm-scale=12 --word-symbol-table=exp/mono/graph/words.txt "ark:gunzip -c exp/mono/decode/lat.*.gz|" ark,t:exp/mono/decode/scoring/12.tra 
# Started at Thứ hai, 11 Tháng 4 năm 2022 14:51:23 +07
#
lattice-best-path --lm-scale=12 --word-symbol-table=exp/mono/graph/words.txt 'ark:gunzip -c exp/mono/decode/lat.*.gz|' ark,t:exp/mono/decode/scoring/12.tra 
LOG (lattice-best-path[5.5.1009~1-e4940]:main():lattice-best-path.cc:99) For utterance S_S10_D1, best cost 983.09 + 71311.5 = 72294.6 over 697 frames.
S_S10_D1 hai sáu mươi mươi hai sáu trăm sáu một mươi mươi một mươi 
LOG (lattice-best-path[5.5.1009~1-e4940]:main():lattice-best-path.cc:99) For utterance S_S10_D2, best cost 1102.26 + 76557.8 = 77660.1 over 725 frames.
S_S10_D2 trăm mươi một trăm lẻ một một ba hai trăm mươi 
LOG (lattice-best-path[5.5.1009~1-e4940]:main():lattice-best-path.cc:99) For utterance S_S10_D3, best cost 1096.51 + 77534.6 = 78631.1 over 735 frames.
S_S10_D3 một trăm trăm hai chín trăm một năm trăm hai mươi trăm trăm 
LOG (lattice-best-path[5.5.1009~1-e4940]:main():lattice-best-path.cc:99) For utterance S_S10_D4, best cost 1067.06 + 72992.3 = 74059.4 over 697 frames.
S_S10_D4 trăm mươi một trăm trăm một trăm ba mươi sáu hai trăm lăm mươi 
LOG (lattice-best-path[5.5.1009~1-e4940]:main():lattice-best-path.cc:99) For utterance S_S10_D5, best cost 1048.21 + 77532.8 = 78581 over 759 frames.
S_S10_D5 trăm trăm hai một trăm lăm sáu trăm mươi sáu trăm sáu 
LOG (lattice-best-path[5.5.1009~1-e4940]:main():lattice-best-path.cc:99) For utterance S_S10_D6, best cost 1022.48 + 71576.5 = 72598.9 over 690 frames.
S_S10_D6 mươi mươi hai mươi ba trăm mươi hai mươi trăm năm hai trăm 
LOG (lattice-best-path[5.5.1009~1-e4940]:main():lattice-best-path.cc:99) For utterance S_S14_D1, best cost 1078.6 + 56551.4 = 57630 over 540 frames.
S_S14_D1 sáu trăm trăm trăm bảy sáu trăm sáu mươi mươi sáu trăm ba trăm sáu bảy mươi 
LOG (lattice-best-path[5.5.1009~1-e4940]:main():lattice-best-path.cc:99) For utterance S_S14_D2, best cost 1365.95 + 71979.2 = 73345.1 over 702 frames.
S_S14_D2 tám trăm tám ba mươi sáu sáu chín tám mốt mươi tám tám lăm sáu trăm ba mươi 
LOG (lattice-best-path[5.5.1009~1-e4940]:main():lattice-best-path.cc:99) For utterance S_S14_D3, best cost 1165.71 + 69834.4 = 71000.1 over 676 frames.
S_S14_D3 sáu mươi trăm chín mươi chín tám bảy sáu năm tám trăm mươi ba hai trăm trăm 
LOG (lattice-best-path[5.5.1009~1-e4940]:main():lattice-best-path.cc:99) For utterance S_S14_D4, best cost 1280.06 + 77982.9 = 79263 over 762 frames.
S_S14_D4 sáu trăm tám mươi ba sáu mươi tám sáu trăm bảy sáu mươi chín mươi sáu trăm mươi trăm 
LOG (lattice-best-path[5.5.1009~1-e4940]:main():lattice-best-path.cc:99) For utterance S_S14_D5, best cost 1324.23 + 68341 = 69665.3 over 672 frames.
S_S14_D5 sáu tám tám tám mươi sáu trăm tám mươi sáu mươi tám mươi sáu chín mươi năm hai hai 
LOG (lattice-best-path[5.5.1009~1-e4940]:main():lattice-best-path.cc:99) For utterance S_S14_D6, best cost 1318.51 + 67872.8 = 69191.3 over 668 frames.
S_S14_D6 sáu năm mươi mươi sáu mốt trăm trăm sáu mươi hai trăm tám năm bảy sáu ba trăm ba tám 
LOG (lattice-best-path[5.5.1009~1-e4940]:main():lattice-best-path.cc:124) Overall cost per frame is 105.001 = 1.66438 [graph] + 103.336 [acoustic] over 8323 frames.
LOG (lattice-best-path[5.5.1009~1-e4940]:main():lattice-best-path.cc:128) Done 12 lattices, failed for 0
# Accounting: time=0 threads=1
# Ended (code 0) at Thứ hai, 11 Tháng 4 năm 2022 14:51:23 +07, elapsed time 0 seconds
