# lattice-best-path --lm-scale=11 --word-symbol-table=exp/mono/graph/words.txt "ark:gunzip -c exp/mono/decode/lat.*.gz|" ark,t:exp/mono/decode/scoring/11.tra 
# Started at Thứ hai, 11 Tháng 4 năm 2022 14:51:23 +07
#
lattice-best-path --lm-scale=11 --word-symbol-table=exp/mono/graph/words.txt 'ark:gunzip -c exp/mono/decode/lat.*.gz|' ark,t:exp/mono/decode/scoring/11.tra 
LOG (lattice-best-path[5.5.1009~1-e4940]:main():lattice-best-path.cc:99) For utterance S_S10_D1, best cost 951.845 + 71259.3 = 72211.1 over 697 frames.
S_S10_D1 hai sáu mươi mươi sáu sáu hai trăm sáu một mươi mươi một mươi 
LOG (lattice-best-path[5.5.1009~1-e4940]:main():lattice-best-path.cc:99) For utterance S_S10_D2, best cost 1010.41 + 76557.8 = 77568.2 over 725 frames.
S_S10_D2 trăm mươi một trăm lẻ một một ba hai trăm mươi 
LOG (lattice-best-path[5.5.1009~1-e4940]:main():lattice-best-path.cc:99) For utterance S_S10_D3, best cost 1005.14 + 77534.6 = 78539.7 over 735 frames.
S_S10_D3 một trăm trăm hai chín trăm một năm trăm hai mươi trăm trăm 
LOG (lattice-best-path[5.5.1009~1-e4940]:main():lattice-best-path.cc:99) For utterance S_S10_D4, best cost 1027.49 + 72939 = 73966.4 over 697 frames.
S_S10_D4 hai trăm mươi một trăm trăm một trăm ba mươi sáu hai trăm lăm mươi 
LOG (lattice-best-path[5.5.1009~1-e4940]:main():lattice-best-path.cc:99) For utterance S_S10_D5, best cost 960.861 + 77532.8 = 78493.7 over 759 frames.
S_S10_D5 trăm trăm hai một trăm lăm sáu trăm mươi sáu trăm sáu 
LOG (lattice-best-path[5.5.1009~1-e4940]:main():lattice-best-path.cc:99) For utterance S_S10_D6, best cost 980.296 + 71532.3 = 72512.6 over 690 frames.
S_S10_D6 mươi mươi hai mươi ba trăm mươi ba hai mươi trăm năm hai trăm 
LOG (lattice-best-path[5.5.1009~1-e4940]:main():lattice-best-path.cc:99) For utterance S_S14_D1, best cost 988.714 + 56551.4 = 57540.1 over 540 frames.
S_S14_D1 sáu trăm trăm trăm bảy sáu trăm sáu mươi mươi sáu trăm ba trăm sáu bảy mươi 
LOG (lattice-best-path[5.5.1009~1-e4940]:main():lattice-best-path.cc:99) For utterance S_S14_D2, best cost 1252.12 + 71979.2 = 73231.3 over 702 frames.
S_S14_D2 tám trăm tám ba mươi sáu sáu chín tám mốt mươi tám tám lăm sáu trăm ba mươi 
LOG (lattice-best-path[5.5.1009~1-e4940]:main():lattice-best-path.cc:99) For utterance S_S14_D3, best cost 1068.56 + 69834.4 = 70903 over 676 frames.
S_S14_D3 sáu mươi trăm chín mươi chín tám bảy sáu năm tám trăm mươi ba hai trăm trăm 
LOG (lattice-best-path[5.5.1009~1-e4940]:main():lattice-best-path.cc:99) For utterance S_S14_D4, best cost 1173.39 + 77982.9 = 79156.3 over 762 frames.
S_S14_D4 sáu trăm tám mươi ba sáu mươi tám sáu trăm bảy sáu mươi chín mươi sáu trăm mươi trăm 
LOG (lattice-best-path[5.5.1009~1-e4940]:main():lattice-best-path.cc:99) For utterance S_S14_D5, best cost 1242.72 + 68310 = 69552.7 over 672 frames.
S_S14_D5 sáu tám tám tám hai sáu trăm tám mươi sáu mươi tám mươi ba sáu chín mươi năm hai hai 
LOG (lattice-best-path[5.5.1009~1-e4940]:main():lattice-best-path.cc:99) For utterance S_S14_D6, best cost 1208.63 + 67872.8 = 69081.4 over 668 frames.
S_S14_D6 sáu năm mươi mươi sáu mốt trăm trăm sáu mươi hai trăm tám năm bảy sáu ba trăm ba tám 
LOG (lattice-best-path[5.5.1009~1-e4940]:main():lattice-best-path.cc:124) Overall cost per frame is 104.861 = 1.54634 [graph] + 103.314 [acoustic] over 8323 frames.
LOG (lattice-best-path[5.5.1009~1-e4940]:main():lattice-best-path.cc:128) Done 12 lattices, failed for 0
# Accounting: time=0 threads=1
# Ended (code 0) at Thứ hai, 11 Tháng 4 năm 2022 14:51:23 +07, elapsed time 0 seconds
