# lattice-best-path --lm-scale=7 --word-symbol-table=exp/tri1/graph/words.txt "ark:gunzip -c exp/tri1/decode/lat.*.gz|" ark,t:exp/tri1/decode/scoring/7.tra 
# Started at Thứ hai, 11 Tháng 4 năm 2022 14:54:14 +07
#
lattice-best-path --lm-scale=7 --word-symbol-table=exp/tri1/graph/words.txt 'ark:gunzip -c exp/tri1/decode/lat.*.gz|' ark,t:exp/tri1/decode/scoring/7.tra 
LOG (lattice-best-path[5.5.1009~1-e4940]:main():lattice-best-path.cc:99) For utterance S_S10_D1, best cost 819.207 + 71241.7 = 72060.9 over 697 frames.
S_S10_D1 hai một trăm mươi hai hai mươi trăm ba sáu mươi hai sáu mươi mươi trăm hai mươi ba 
LOG (lattice-best-path[5.5.1009~1-e4940]:main():lattice-best-path.cc:99) For utterance S_S10_D2, best cost 803.802 + 76538 = 77341.8 over 725 frames.
S_S10_D2 ba trăm trăm mươi hai chín trăm năm hai một trăm sáu sáu một trăm mươi mươi 
LOG (lattice-best-path[5.5.1009~1-e4940]:main():lattice-best-path.cc:99) For utterance S_S10_D3, best cost 702.806 + 77741.5 = 78444.3 over 735 frames.
S_S10_D3 một chín mươi hai chín trăm hai trăm tám năm mươi ba hai trăm mươi 
LOG (lattice-best-path[5.5.1009~1-e4940]:main():lattice-best-path.cc:99) For utterance S_S10_D4, best cost 756.511 + 72890.5 = 73647 over 697 frames.
S_S10_D4 hai trăm tám mươi ba hai lăm trăm hai trăm hai chín mươi hai trăm mươi năm 
LOG (lattice-best-path[5.5.1009~1-e4940]:main():lattice-best-path.cc:99) For utterance S_S10_D5, best cost 814.135 + 77572.1 = 78386.2 over 759 frames.
S_S10_D5 ba trăm năm hai hai mươi sáu hai ba mươi mươi hai trăm năm mươi sáu 
LOG (lattice-best-path[5.5.1009~1-e4940]:main():lattice-best-path.cc:99) For utterance S_S10_D6, best cost 805.049 + 71447.5 = 72252.5 over 690 frames.
S_S10_D6 mươi ba hai trăm mươi ba hai ba trăm năm mươi hai trăm năm mươi một hai 
LOG (lattice-best-path[5.5.1009~1-e4940]:main():lattice-best-path.cc:99) For utterance S_S14_D1, best cost 751.106 + 56669.2 = 57420.3 over 540 frames.
S_S14_D1 sáu một trăm tám năm mươi ba sáu trăm mươi sáu mươi mươi trăm năm chín bảy mươi năm 
LOG (lattice-best-path[5.5.1009~1-e4940]:main():lattice-best-path.cc:99) For utterance S_S14_D2, best cost 917.229 + 72265.2 = 73182.4 over 702 frames.
S_S14_D2 tám trăm tám chín ba sáu chín tám trăm mốt ba tám tám tám mươi sáu sáu trăm bảy mươi năm 
LOG (lattice-best-path[5.5.1009~1-e4940]:main():lattice-best-path.cc:99) For utterance S_S14_D3, best cost 838.683 + 69685.7 = 70524.4 over 676 frames.
S_S14_D3 sáu mươi trăm chín mươi năm sáu chín bảy mươi ba sáu năm tám tám mươi ba hai trăm mươi năm trăm 
LOG (lattice-best-path[5.5.1009~1-e4940]:main():lattice-best-path.cc:99) For utterance S_S14_D4, best cost 796.948 + 78058.9 = 78855.9 over 762 frames.
S_S14_D4 sáu trăm tám chín ba sáu năm tám ba bảy sáu sáu trăm chín mươi sáu sáu mươi trăm bảy 
LOG (lattice-best-path[5.5.1009~1-e4940]:main():lattice-best-path.cc:99) For utterance S_S14_D5, best cost 922.765 + 68573.3 = 69496 over 672 frames.
S_S14_D5 tám tám tám mươi năm sáu sáu năm tám bảy sáu sáu tám chín năm mươi sáu chín ba năm mươi hai 
LOG (lattice-best-path[5.5.1009~1-e4940]:main():lattice-best-path.cc:99) For utterance S_S14_D6, best cost 785.437 + 67908.8 = 68694.3 over 668 frames.
S_S14_D6 sáu năm năm lăm chín ba sáu trăm hai trăm sáu mươi ba hai trăm năm bảy mươi bảy mươi 
LOG (lattice-best-path[5.5.1009~1-e4940]:main():lattice-best-path.cc:124) Overall cost per frame is 104.566 = 1.16709 [graph] + 103.399 [acoustic] over 8323 frames.
LOG (lattice-best-path[5.5.1009~1-e4940]:main():lattice-best-path.cc:128) Done 12 lattices, failed for 0
# Accounting: time=1 threads=1
# Ended (code 0) at Thứ hai, 11 Tháng 4 năm 2022 14:54:15 +07, elapsed time 1 seconds
