# lattice-best-path --lm-scale=16 --word-symbol-table=exp/tri1/graph/words.txt "ark:gunzip -c exp/tri1/decode/lat.*.gz|" ark,t:exp/tri1/decode/scoring/16.tra 
# Started at Thứ hai, 11 Tháng 4 năm 2022 14:54:16 +07
#
lattice-best-path --lm-scale=16 --word-symbol-table=exp/tri1/graph/words.txt 'ark:gunzip -c exp/tri1/decode/lat.*.gz|' ark,t:exp/tri1/decode/scoring/16.tra 
LOG (lattice-best-path[5.5.1009~1-e4940]:main():lattice-best-path.cc:99) For utterance S_S10_D1, best cost 1341.29 + 71579.7 = 72921 over 697 frames.
S_S10_D1 hai trăm mươi sáu trăm mươi hai trăm mươi trăm hai mươi 
LOG (lattice-best-path[5.5.1009~1-e4940]:main():lattice-best-path.cc:99) For utterance S_S10_D2, best cost 1655.33 + 76657.7 = 78313.1 over 725 frames.
S_S10_D2 trăm trăm mươi hai chín trăm năm hai một trăm sáu trăm mươi mươi 
LOG (lattice-best-path[5.5.1009~1-e4940]:main():lattice-best-path.cc:99) For utterance S_S10_D3, best cost 1434.94 + 77852.1 = 79287 over 735 frames.
S_S10_D3 một trăm mươi hai chín trăm hai trăm trăm mươi ba hai trăm mươi 
LOG (lattice-best-path[5.5.1009~1-e4940]:main():lattice-best-path.cc:99) For utterance S_S10_D4, best cost 1498.43 + 73072.1 = 74570.6 over 697 frames.
S_S10_D4 trăm tám mươi ba hai trăm trăm hai trăm chín mươi hai trăm mươi 
LOG (lattice-best-path[5.5.1009~1-e4940]:main():lattice-best-path.cc:99) For utterance S_S10_D5, best cost 1449.76 + 77793.3 = 79243.1 over 759 frames.
S_S10_D5 ba trăm hai hai trăm sáu mươi mươi hai trăm mươi 
LOG (lattice-best-path[5.5.1009~1-e4940]:main():lattice-best-path.cc:99) For utterance S_S10_D6, best cost 1411.98 + 71734.1 = 73146.1 over 690 frames.
S_S10_D6 mươi ba hai trăm mươi ba hai trăm mươi hai trăm hai 
LOG (lattice-best-path[5.5.1009~1-e4940]:main():lattice-best-path.cc:99) For utterance S_S14_D1, best cost 1363.59 + 56906 = 58269.6 over 540 frames.
S_S14_D1 sáu mươi trăm trăm năm sáu trăm mươi sáu mươi trăm bảy chín bảy mươi 
LOG (lattice-best-path[5.5.1009~1-e4940]:main():lattice-best-path.cc:99) For utterance S_S14_D2, best cost 1860.94 + 72450.1 = 74311 over 702 frames.
S_S14_D2 tám trăm tám chín ba sáu chín trăm ba tám tám tám mươi sáu trăm bảy mươi năm 
LOG (lattice-best-path[5.5.1009~1-e4940]:main():lattice-best-path.cc:99) For utterance S_S14_D3, best cost 1454.61 + 70059.3 = 71513.9 over 676 frames.
S_S14_D3 sáu năm chín chín bảy mươi năm tám tám mươi hai trăm mươi trăm 
LOG (lattice-best-path[5.5.1009~1-e4940]:main():lattice-best-path.cc:99) For utterance S_S14_D4, best cost 1481.03 + 78316.1 = 79797.2 over 762 frames.
S_S14_D4 sáu trăm tám ba sáu chín ba sáu trăm chín mươi sáu trăm bảy 
LOG (lattice-best-path[5.5.1009~1-e4940]:main():lattice-best-path.cc:99) For utterance S_S14_D5, best cost 1671.96 + 68853.8 = 70525.7 over 672 frames.
S_S14_D5 tám tám tám mươi sáu năm tám bảy tám tám mươi sáu chín năm mươi hai 
LOG (lattice-best-path[5.5.1009~1-e4940]:main():lattice-best-path.cc:99) For utterance S_S14_D6, best cost 1509.16 + 68126.6 = 69635.8 over 668 frames.
S_S14_D6 sáu mươi mươi mươi sáu trăm hai trăm sáu mươi ba hai trăm năm bảy mươi bảy mươi 
LOG (lattice-best-path[5.5.1009~1-e4940]:main():lattice-best-path.cc:124) Overall cost per frame is 105.915 = 2.17867 [graph] + 103.737 [acoustic] over 8323 frames.
LOG (lattice-best-path[5.5.1009~1-e4940]:main():lattice-best-path.cc:128) Done 12 lattices, failed for 0
# Accounting: time=0 threads=1
# Ended (code 0) at Thứ hai, 11 Tháng 4 năm 2022 14:54:16 +07, elapsed time 0 seconds
