# lattice-best-path --lm-scale=14 --word-symbol-table=exp/tri1/graph/words.txt "ark:gunzip -c exp/tri1/decode/lat.*.gz|" ark,t:exp/tri1/decode/scoring/14.tra 
# Started at Thứ hai, 11 Tháng 4 năm 2022 14:54:15 +07
#
lattice-best-path --lm-scale=14 --word-symbol-table=exp/tri1/graph/words.txt 'ark:gunzip -c exp/tri1/decode/lat.*.gz|' ark,t:exp/tri1/decode/scoring/14.tra 
LOG (lattice-best-path[5.5.1009~1-e4940]:main():lattice-best-path.cc:99) For utterance S_S10_D1, best cost 1208.09 + 71542.2 = 72750.3 over 697 frames.
S_S10_D1 hai trăm mươi sáu trăm mươi hai sáu mươi trăm hai mươi 
LOG (lattice-best-path[5.5.1009~1-e4940]:main():lattice-best-path.cc:99) For utterance S_S10_D2, best cost 1448.42 + 76657.7 = 78106.1 over 725 frames.
S_S10_D2 trăm trăm mươi hai chín trăm năm hai một trăm sáu trăm mươi mươi 
LOG (lattice-best-path[5.5.1009~1-e4940]:main():lattice-best-path.cc:99) For utterance S_S10_D3, best cost 1281.05 + 77826.5 = 79107.6 over 735 frames.
S_S10_D3 một trăm mươi hai chín trăm hai trăm tám mươi ba hai trăm mươi 
LOG (lattice-best-path[5.5.1009~1-e4940]:main():lattice-best-path.cc:99) For utterance S_S10_D4, best cost 1427.38 + 72946.6 = 74374 over 697 frames.
S_S10_D4 hai trăm tám mươi ba hai trăm trăm hai trăm hai chín mươi hai trăm mươi 
LOG (lattice-best-path[5.5.1009~1-e4940]:main():lattice-best-path.cc:99) For utterance S_S10_D5, best cost 1290.65 + 77769.2 = 79059.8 over 759 frames.
S_S10_D5 ba trăm hai hai sáu mươi mươi hai trăm mươi 
LOG (lattice-best-path[5.5.1009~1-e4940]:main():lattice-best-path.cc:99) For utterance S_S10_D6, best cost 1316.12 + 71650.3 = 72966.5 over 690 frames.
S_S10_D6 mươi ba hai trăm mươi ba hai trăm năm mươi hai trăm hai 
LOG (lattice-best-path[5.5.1009~1-e4940]:main():lattice-best-path.cc:99) For utterance S_S14_D1, best cost 1267.68 + 56829.5 = 58097.2 over 540 frames.
S_S14_D1 sáu mươi trăm trăm năm mươi sáu trăm mươi sáu mươi trăm năm chín bảy mươi 
LOG (lattice-best-path[5.5.1009~1-e4940]:main():lattice-best-path.cc:99) For utterance S_S14_D2, best cost 1690.07 + 72379.8 = 74069.9 over 702 frames.
S_S14_D2 tám trăm tám chín ba sáu chín tám trăm ba tám tám tám mươi sáu trăm bảy mươi năm 
LOG (lattice-best-path[5.5.1009~1-e4940]:main():lattice-best-path.cc:99) For utterance S_S14_D3, best cost 1440.48 + 69872.3 = 71312.8 over 676 frames.
S_S14_D3 sáu năm chín mươi năm sáu chín bảy mươi năm tám tám mươi hai trăm mươi trăm 
LOG (lattice-best-path[5.5.1009~1-e4940]:main():lattice-best-path.cc:99) For utterance S_S14_D4, best cost 1442.15 + 78163.1 = 79605.2 over 762 frames.
S_S14_D4 sáu trăm tám ba sáu chín ba bảy sáu sáu trăm chín mươi sáu trăm bảy 
LOG (lattice-best-path[5.5.1009~1-e4940]:main():lattice-best-path.cc:99) For utterance S_S14_D5, best cost 1462.97 + 68853.8 = 70316.7 over 672 frames.
S_S14_D5 tám tám tám mươi sáu năm tám bảy tám tám mươi sáu chín năm mươi hai 
LOG (lattice-best-path[5.5.1009~1-e4940]:main():lattice-best-path.cc:99) For utterance S_S14_D6, best cost 1414.9 + 68028.6 = 69443.5 over 668 frames.
S_S14_D6 sáu năm lăm mươi sáu trăm hai trăm sáu mươi ba hai trăm năm bảy mươi bảy mươi 
LOG (lattice-best-path[5.5.1009~1-e4940]:main():lattice-best-path.cc:124) Overall cost per frame is 105.636 = 2.00528 [graph] + 103.631 [acoustic] over 8323 frames.
LOG (lattice-best-path[5.5.1009~1-e4940]:main():lattice-best-path.cc:128) Done 12 lattices, failed for 0
# Accounting: time=0 threads=1
# Ended (code 0) at Thứ hai, 11 Tháng 4 năm 2022 14:54:15 +07, elapsed time 0 seconds
