# lattice-best-path --lm-scale=11 --word-symbol-table=exp/tri1/graph/words.txt "ark:gunzip -c exp/tri1/decode/lat.*.gz|" ark,t:exp/tri1/decode/scoring/11.tra 
# Started at Thứ hai, 11 Tháng 4 năm 2022 14:54:15 +07
#
lattice-best-path --lm-scale=11 --word-symbol-table=exp/tri1/graph/words.txt 'ark:gunzip -c exp/tri1/decode/lat.*.gz|' ark,t:exp/tri1/decode/scoring/11.tra 
LOG (lattice-best-path[5.5.1009~1-e4940]:main():lattice-best-path.cc:99) For utterance S_S10_D1, best cost 1066.15 + 71414.2 = 72480.3 over 697 frames.
S_S10_D1 hai trăm mươi sáu trăm ba mươi hai sáu mươi trăm hai mươi ba 
LOG (lattice-best-path[5.5.1009~1-e4940]:main():lattice-best-path.cc:99) For utterance S_S10_D2, best cost 1138.04 + 76657.7 = 77795.8 over 725 frames.
S_S10_D2 trăm trăm mươi hai chín trăm năm hai một trăm sáu trăm mươi mươi 
LOG (lattice-best-path[5.5.1009~1-e4940]:main():lattice-best-path.cc:99) For utterance S_S10_D3, best cost 1006.54 + 77826.5 = 78833.1 over 735 frames.
S_S10_D3 một trăm mươi hai chín trăm hai trăm tám mươi ba hai trăm mươi 
LOG (lattice-best-path[5.5.1009~1-e4940]:main():lattice-best-path.cc:99) For utterance S_S10_D4, best cost 1121.51 + 72946.6 = 74068.2 over 697 frames.
S_S10_D4 hai trăm tám mươi ba hai trăm trăm hai trăm hai chín mươi hai trăm mươi 
LOG (lattice-best-path[5.5.1009~1-e4940]:main():lattice-best-path.cc:99) For utterance S_S10_D5, best cost 1033.49 + 77747.7 = 78781.1 over 759 frames.
S_S10_D5 ba trăm mươi hai hai mươi sáu mươi mươi hai trăm mươi 
LOG (lattice-best-path[5.5.1009~1-e4940]:main():lattice-best-path.cc:99) For utterance S_S10_D6, best cost 1088.11 + 71585 = 72673.1 over 690 frames.
S_S10_D6 mươi ba hai trăm mươi ba hai ba trăm năm mươi hai trăm hai 
LOG (lattice-best-path[5.5.1009~1-e4940]:main():lattice-best-path.cc:99) For utterance S_S14_D1, best cost 1054.61 + 56766.9 = 57821.6 over 540 frames.
S_S14_D1 một trăm trăm năm mươi sáu trăm mươi sáu mươi trăm năm chín bảy mươi năm 
LOG (lattice-best-path[5.5.1009~1-e4940]:main():lattice-best-path.cc:99) For utterance S_S14_D2, best cost 1395.81 + 72297.4 = 73693.2 over 702 frames.
S_S14_D2 tám trăm tám chín ba sáu chín tám trăm mốt ba tám tám tám mươi sáu trăm bảy mươi năm 
LOG (lattice-best-path[5.5.1009~1-e4940]:main():lattice-best-path.cc:99) For utterance S_S14_D3, best cost 1182.26 + 69812.3 = 70994.6 over 676 frames.
S_S14_D3 sáu mươi trăm chín mươi năm sáu chín bảy mươi năm tám tám mươi hai trăm mươi năm trăm 
LOG (lattice-best-path[5.5.1009~1-e4940]:main():lattice-best-path.cc:99) For utterance S_S14_D4, best cost 1161.71 + 78132.1 = 79293.8 over 762 frames.
S_S14_D4 sáu trăm tám ba sáu năm tám ba bảy sáu sáu trăm chín mươi sáu trăm bảy 
LOG (lattice-best-path[5.5.1009~1-e4940]:main():lattice-best-path.cc:99) For utterance S_S14_D5, best cost 1209.1 + 68781.5 = 69990.6 over 672 frames.
S_S14_D5 tám tám tám mươi sáu năm tám bảy tám chín trăm mươi sáu chín năm mươi hai 
LOG (lattice-best-path[5.5.1009~1-e4940]:main():lattice-best-path.cc:99) For utterance S_S14_D6, best cost 1170.23 + 67961.5 = 69131.7 over 668 frames.
S_S14_D6 sáu năm năm lăm mươi sáu trăm hai trăm sáu mươi ba hai trăm năm bảy mươi bảy mươi 
LOG (lattice-best-path[5.5.1009~1-e4940]:main():lattice-best-path.cc:124) Overall cost per frame is 105.197 = 1.63734 [graph] + 103.56 [acoustic] over 8323 frames.
LOG (lattice-best-path[5.5.1009~1-e4940]:main():lattice-best-path.cc:128) Done 12 lattices, failed for 0
# Accounting: time=0 threads=1
# Ended (code 0) at Thứ hai, 11 Tháng 4 năm 2022 14:54:15 +07, elapsed time 0 seconds
