# lattice-best-path --lm-scale=10 --word-symbol-table=exp/tri1/graph/words.txt "ark:gunzip -c exp/tri1/decode/lat.*.gz|" ark,t:exp/tri1/decode/scoring/10.tra 
# Started at Thứ hai, 11 Tháng 4 năm 2022 14:54:15 +07
#
lattice-best-path --lm-scale=10 --word-symbol-table=exp/tri1/graph/words.txt 'ark:gunzip -c exp/tri1/decode/lat.*.gz|' ark,t:exp/tri1/decode/scoring/10.tra 
LOG (lattice-best-path[5.5.1009~1-e4940]:main():lattice-best-path.cc:99) For utterance S_S10_D1, best cost 969.23 + 71414.2 = 72383.4 over 697 frames.
S_S10_D1 hai trăm mươi sáu trăm ba mươi hai sáu mươi trăm hai mươi ba 
LOG (lattice-best-path[5.5.1009~1-e4940]:main():lattice-best-path.cc:99) For utterance S_S10_D2, best cost 1136.25 + 76547.4 = 77683.7 over 725 frames.
S_S10_D2 trăm trăm mươi hai chín trăm năm hai một trăm sáu sáu một trăm mươi mươi 
LOG (lattice-best-path[5.5.1009~1-e4940]:main():lattice-best-path.cc:99) For utterance S_S10_D3, best cost 967.33 + 77771.6 = 78738.9 over 735 frames.
S_S10_D3 một trăm mươi hai chín trăm hai trăm tám năm mươi ba hai trăm mươi 
LOG (lattice-best-path[5.5.1009~1-e4940]:main():lattice-best-path.cc:99) For utterance S_S10_D4, best cost 1055.42 + 72909 = 73964.4 over 697 frames.
S_S10_D4 hai trăm tám mươi ba hai trăm trăm hai trăm hai chín mươi hai trăm mươi năm 
LOG (lattice-best-path[5.5.1009~1-e4940]:main():lattice-best-path.cc:99) For utterance S_S10_D5, best cost 939.533 + 77747.7 = 78687.2 over 759 frames.
S_S10_D5 ba trăm mươi hai hai mươi sáu mươi mươi hai trăm mươi 
LOG (lattice-best-path[5.5.1009~1-e4940]:main():lattice-best-path.cc:99) For utterance S_S10_D6, best cost 1045.8 + 71528.4 = 72574.2 over 690 frames.
S_S10_D6 mươi ba hai trăm mươi ba hai ba trăm năm mươi hai trăm một hai 
LOG (lattice-best-path[5.5.1009~1-e4940]:main():lattice-best-path.cc:99) For utterance S_S14_D1, best cost 958.739 + 56766.9 = 57725.7 over 540 frames.
S_S14_D1 một trăm trăm năm mươi sáu trăm mươi sáu mươi trăm năm chín bảy mươi năm 
LOG (lattice-best-path[5.5.1009~1-e4940]:main():lattice-best-path.cc:99) For utterance S_S14_D2, best cost 1268.92 + 72297.4 = 73566.3 over 702 frames.
S_S14_D2 tám trăm tám chín ba sáu chín tám trăm mốt ba tám tám tám mươi sáu trăm bảy mươi năm 
LOG (lattice-best-path[5.5.1009~1-e4940]:main():lattice-best-path.cc:99) For utterance S_S14_D3, best cost 1155.43 + 69724.7 = 70880.2 over 676 frames.
S_S14_D3 sáu mươi trăm chín mươi năm sáu chín bảy mươi ba sáu năm tám tám mươi hai trăm mươi năm trăm 
LOG (lattice-best-path[5.5.1009~1-e4940]:main():lattice-best-path.cc:99) For utterance S_S14_D4, best cost 1067.66 + 78120.2 = 79187.9 over 762 frames.
S_S14_D4 sáu trăm tám ba sáu năm tám ba bảy sáu sáu trăm chín mươi sáu mươi trăm bảy 
LOG (lattice-best-path[5.5.1009~1-e4940]:main():lattice-best-path.cc:99) For utterance S_S14_D5, best cost 1165.28 + 68713.2 = 69878.4 over 672 frames.
S_S14_D5 tám tám tám mươi năm sáu năm tám bảy tám chín năm mươi sáu chín năm mươi hai 
LOG (lattice-best-path[5.5.1009~1-e4940]:main():lattice-best-path.cc:99) For utterance S_S14_D6, best cost 1063.85 + 67961.5 = 69025.3 over 668 frames.
S_S14_D6 sáu năm năm lăm mươi sáu trăm hai trăm sáu mươi ba hai trăm năm bảy mươi bảy mươi 
LOG (lattice-best-path[5.5.1009~1-e4940]:main():lattice-best-path.cc:124) Overall cost per frame is 105.046 = 1.53712 [graph] + 103.509 [acoustic] over 8323 frames.
LOG (lattice-best-path[5.5.1009~1-e4940]:main():lattice-best-path.cc:128) Done 12 lattices, failed for 0
# Accounting: time=0 threads=1
# Ended (code 0) at Thứ hai, 11 Tháng 4 năm 2022 14:54:15 +07, elapsed time 0 seconds
