# gunzip -c exp/mono/decode/depth_tmp.*.gz | steps/diagnostic/analyze_lattice_depth_stats.py exp/mono/graph exp/mono/decode/ali_frame_tmp.gz 
# Started at Thứ hai, 11 Tháng 4 năm 2022 14:51:22 +07
#
The total amount of data analyzed assuming 100 frames per second is 0.0 hours
Overall, lattice depth (10,50,90-percentile)=(8,33,250) and mean=86.1
Nonsilence phones as a group account for 74.5% of frames, with lattice depth (10,50,90-percentile)=(7,35,300) and mean=95.4
Phone sil accounts for 25.5% of frames, with lattice depth (10,50,90-percentile)=(12,29,180) and mean=58.8
Phone m_E accounts for 14.7% of frames, with lattice depth (10,50,90-percentile)=(8,35,300) and mean=95.1
Phone m_B accounts for 10.3% of frames, with lattice depth (10,50,90-percentile)=(13,63,315) and mean=105.6
Phone aːw˧˥_E accounts for 6.4% of frames, with lattice depth (10,50,90-percentile)=(5,38,382) and mean=132.1
Phone ɨəj_E accounts for 6.2% of frames, with lattice depth (10,50,90-percentile)=(7,57,343) and mean=128.4
Phone aːj_E accounts for 5.7% of frames, with lattice depth (10,50,90-percentile)=(13,34,173) and mean=69.6
Phone ʂ_B accounts for 4.8% of frames, with lattice depth (10,50,90-percentile)=(7,33,361) and mean=122.2
Phone o˨˧_I accounts for 4.3% of frames, with lattice depth (10,50,90-percentile)=(7,20,151) and mean=39.3
Phone ʈ_B accounts for 3.8% of frames, with lattice depth (10,50,90-percentile)=(13,35,390) and mean=109.2
Phone a_I accounts for 3.6% of frames, with lattice depth (10,50,90-percentile)=(13,35,221) and mean=81.8
Phone ɓ_B accounts for 2.6% of frames, with lattice depth (10,50,90-percentile)=(5,38,181) and mean=95.9
Phone h_B accounts for 1.9% of frames, with lattice depth (10,50,90-percentile)=(8,22,197) and mean=84.4
Phone aː˧˥_I accounts for 1.8% of frames, with lattice depth (10,50,90-percentile)=(3,23,300) and mean=73.8
Phone kp_E accounts for 1.7% of frames, with lattice depth (10,50,90-percentile)=(4,47,195) and mean=73.8
Phone t͡ɕ_B accounts for 1.3% of frames, with lattice depth (10,50,90-percentile)=(5,16,120) and mean=34.1
Phone t_B accounts for 1.2% of frames, with lattice depth (10,50,90-percentile)=(3,10,300) and mean=59.2
Phone aː_E accounts for 1.1% of frames, with lattice depth (10,50,90-percentile)=(8,44,119) and mean=55.1
Phone l_B accounts for 0.8% of frames, with lattice depth (10,50,90-percentile)=(4,109,352) and mean=146.0
Phone n_B accounts for 0.6% of frames, with lattice depth (10,50,90-percentile)=(11,18,95) and mean=60.3
Phone i˧˥_I accounts for 0.6% of frames, with lattice depth (10,50,90-percentile)=(6,31,61) and mean=31.9
# Accounting: time=0 threads=1
# Ended (code 0) at Thứ hai, 11 Tháng 4 năm 2022 14:51:22 +07, elapsed time 0 seconds
