# gmm-est --write-occs=exp/mono/24.occs --mix-up=748 --power=0.25 exp/mono/23.mdl "gmm-sum-accs - exp/mono/23.*.acc|" exp/mono/24.mdl 
# Started at Thứ hai, 11 Tháng 4 năm 2022 14:50:49 +07
#
gmm-est --write-occs=exp/mono/24.occs --mix-up=748 --power=0.25 exp/mono/23.mdl 'gmm-sum-accs - exp/mono/23.*.acc|' exp/mono/24.mdl 
gmm-sum-accs - exp/mono/23.1.acc 
LOG (gmm-sum-accs[5.5.1009~1-e4940]:main():gmm-sum-accs.cc:63) Summed 1 stats, total count 21822, avg like/frame -84.1352
LOG (gmm-sum-accs[5.5.1009~1-e4940]:main():gmm-sum-accs.cc:66) Total count of stats is 21822
LOG (gmm-sum-accs[5.5.1009~1-e4940]:main():gmm-sum-accs.cc:67) Written stats to -
LOG (gmm-est[5.5.1009~1-e4940]:MleUpdate():transition-model.cc:528) TransitionModel::Update, objf change is 1.62864e-05 per frame over 21822 frames. 
LOG (gmm-est[5.5.1009~1-e4940]:MleUpdate():transition-model.cc:531) 6 probabilities floored, 282 out of 362 transition-states skipped due to insuffient data (it is normal to have some skipped.)
LOG (gmm-est[5.5.1009~1-e4940]:main():gmm-est.cc:102) Transition model update: Overall 1.62864e-05 log-like improvement per frame over 21822 frames.
WARNING (gmm-est[5.5.1009~1-e4940]:MleDiagGmmUpdate():mle-diag-gmm.cc:365) Gaussian has too little data but not removing it because it is the last Gaussian: i = 0, occ = 0, weight = 1
WARNING (gmm-est[5.5.1009~1-e4940]:MleDiagGmmUpdate():mle-diag-gmm.cc:365) Gaussian has too little data but not removing it because it is the last Gaussian: i = 0, occ = 0, weight = 1
WARNING (gmm-est[5.5.1009~1-e4940]:MleDiagGmmUpdate():mle-diag-gmm.cc:365) Gaussian has too little data but not removing it because it is the last Gaussian: i = 0, occ = 0, weight = 1
WARNING (gmm-est[5.5.1009~1-e4940]:MleDiagGmmUpdate():mle-diag-gmm.cc:365) Gaussian has too little data but not removing it because it is the last Gaussian: i = 0, occ = 0, weight = 1
WARNING (gmm-est[5.5.1009~1-e4940]:MleDiagGmmUpdate():mle-diag-gmm.cc:365) Gaussian has too little data but not removing it because it is the last Gaussian: i = 0, occ = 0, weight = 1
WARNING (gmm-est[5.5.1009~1-e4940]:MleDiagGmmUpdate():mle-diag-gmm.cc:365) Gaussian has too little data but not removing it because it is the last Gaussian: i = 0, occ = 0, weight = 1
WARNING (gmm-est[5.5.1009~1-e4940]:MleDiagGmmUpdate():mle-diag-gmm.cc:365) Gaussian has too little data but not removing it because it is the last Gaussian: i = 0, occ = 0, weight = 1
WARNING (gmm-est[5.5.1009~1-e4940]:MleDiagGmmUpdate():mle-diag-gmm.cc:365) Gaussian has too little data but not removing it because it is the last Gaussian: i = 0, occ = 0, weight = 1
WARNING (gmm-est[5.5.1009~1-e4940]:MleDiagGmmUpdate():mle-diag-gmm.cc:365) Gaussian has too little data but not removing it because it is the last Gaussian: i = 0, occ = 0, weight = 1
WARNING (gmm-est[5.5.1009~1-e4940]:MleDiagGmmUpdate():mle-diag-gmm.cc:365) Gaussian has too little data but not removing it because it is the last Gaussian: i = 0, occ = 0, weight = 1
WARNING (gmm-est[5.5.1009~1-e4940]:MleDiagGmmUpdate():mle-diag-gmm.cc:365) Gaussian has too little data but not removing it because it is the last Gaussian: i = 0, occ = 0, weight = 1
WARNING (gmm-est[5.5.1009~1-e4940]:MleDiagGmmUpdate():mle-diag-gmm.cc:359) Too little data - removing Gaussian (weight 0.055247, occupation count 9.999708, vector size 39)
WARNING (gmm-est[5.5.1009~1-e4940]:MleDiagGmmUpdate():mle-diag-gmm.cc:359) Too little data - removing Gaussian (weight 0.041030, occupation count 9.026594, vector size 39)
WARNING (gmm-est[5.5.1009~1-e4940]:MleDiagGmmUpdate():mle-diag-gmm.cc:365) Gaussian has too little data but not removing it because it is the last Gaussian: i = 0, occ = 0, weight = 1
WARNING (gmm-est[5.5.1009~1-e4940]:MleDiagGmmUpdate():mle-diag-gmm.cc:365) Gaussian has too little data but not removing it because it is the last Gaussian: i = 0, occ = 0, weight = 1
WARNING (gmm-est[5.5.1009~1-e4940]:MleDiagGmmUpdate():mle-diag-gmm.cc:365) Gaussian has too little data but not removing it because it is the last Gaussian: i = 0, occ = 0, weight = 1
LOG (gmm-est[5.5.1009~1-e4940]:MleAmDiagGmmUpdate():mle-am-diag-gmm.cc:225) 0 variance elements floored in 0 Gaussians, out of 720
LOG (gmm-est[5.5.1009~1-e4940]:MleAmDiagGmmUpdate():mle-am-diag-gmm.cc:229) Removed 2 Gaussians due to counts < --min-gaussian-occupancy=10 and --remove-low-count-gaussians=true
LOG (gmm-est[5.5.1009~1-e4940]:main():gmm-est.cc:113) GMM update: Overall 0.17678 objective function improvement per frame over 21822 frames
LOG (gmm-est[5.5.1009~1-e4940]:main():gmm-est.cc:116) GMM update: Overall avg like per frame = -84.1352 over 21822 frames.
LOG (gmm-est[5.5.1009~1-e4940]:SplitByCount():am-diag-gmm.cc:116) Split 88 states with target = 748, power = 0.25, perturb_factor = 0.01 and min_count = 20, split #Gauss from 720 to 751
LOG (gmm-est[5.5.1009~1-e4940]:main():gmm-est.cc:146) Written model to exp/mono/24.mdl
# Accounting: time=1 threads=1
# Ended (code 0) at Thứ hai, 11 Tháng 4 năm 2022 14:50:50 +07, elapsed time 1 seconds
