# compute-mfcc-feats --write-utt2dur=ark,t:exp/make_mfcc/train/utt2dur.1 --verbose=2 --config=conf/mfcc.conf scp,p:exp/make_mfcc/train/wav_train.1.scp ark:- | copy-feats --write-num-frames=ark,t:exp/make_mfcc/train/utt2num_frames.1 --compress=true ark:- ark,scp:/home/cs398/kaldi/egs/numbers/mfcc/raw_mfcc_train.1.ark,/home/cs398/kaldi/egs/numbers/mfcc/raw_mfcc_train.1.scp 
# Started at Thứ năm, 07 Tháng 4 năm 2022 14:08:43 +07
#
copy-feats --write-num-frames=ark,t:exp/make_mfcc/train/utt2num_frames.1 --compress=true ark:- ark,scp:/home/cs398/kaldi/egs/numbers/mfcc/raw_mfcc_train.1.ark,/home/cs398/kaldi/egs/numbers/mfcc/raw_mfcc_train.1.scp 
compute-mfcc-feats --write-utt2dur=ark,t:exp/make_mfcc/train/utt2dur.1 --verbose=2 --config=conf/mfcc.conf scp,p:exp/make_mfcc/train/wav_train.1.scp ark:- 
VLOG[2] (compute-mfcc-feats[5.5.1009~1-e4940]:main():compute-mfcc-feats.cc:182) Processed features for key S_S01_D1
WARNING (compute-mfcc-feats[5.5.1009~1-e4940]:main():compute-mfcc-feats.cc:122) Channel not specified but you have data with 2 channels; defaulting to zero
VLOG[2] (compute-mfcc-feats[5.5.1009~1-e4940]:main():compute-mfcc-feats.cc:182) Processed features for key S_S01_D2
WARNING (compute-mfcc-feats[5.5.1009~1-e4940]:main():compute-mfcc-feats.cc:122) Channel not specified but you have data with 2 channels; defaulting to zero
VLOG[2] (compute-mfcc-feats[5.5.1009~1-e4940]:main():compute-mfcc-feats.cc:182) Processed features for key S_S01_D3
WARNING (compute-mfcc-feats[5.5.1009~1-e4940]:main():compute-mfcc-feats.cc:122) Channel not specified but you have data with 2 channels; defaulting to zero
VLOG[2] (compute-mfcc-feats[5.5.1009~1-e4940]:main():compute-mfcc-feats.cc:182) Processed features for key S_S01_D4
WARNING (compute-mfcc-feats[5.5.1009~1-e4940]:main():compute-mfcc-feats.cc:122) Channel not specified but you have data with 2 channels; defaulting to zero
VLOG[2] (compute-mfcc-feats[5.5.1009~1-e4940]:main():compute-mfcc-feats.cc:182) Processed features for key S_S01_D5
WARNING (compute-mfcc-feats[5.5.1009~1-e4940]:main():compute-mfcc-feats.cc:122) Channel not specified but you have data with 2 channels; defaulting to zero
VLOG[2] (compute-mfcc-feats[5.5.1009~1-e4940]:main():compute-mfcc-feats.cc:182) Processed features for key S_S01_D6
WARNING (compute-mfcc-feats[5.5.1009~1-e4940]:main():compute-mfcc-feats.cc:122) Channel not specified but you have data with 2 channels; defaulting to zero
VLOG[2] (compute-mfcc-feats[5.5.1009~1-e4940]:main():compute-mfcc-feats.cc:182) Processed features for key S_S04_D1
WARNING (compute-mfcc-feats[5.5.1009~1-e4940]:main():compute-mfcc-feats.cc:122) Channel not specified but you have data with 2 channels; defaulting to zero
VLOG[2] (compute-mfcc-feats[5.5.1009~1-e4940]:main():compute-mfcc-feats.cc:182) Processed features for key S_S04_D2
WARNING (compute-mfcc-feats[5.5.1009~1-e4940]:main():compute-mfcc-feats.cc:122) Channel not specified but you have data with 2 channels; defaulting to zero
VLOG[2] (compute-mfcc-feats[5.5.1009~1-e4940]:main():compute-mfcc-feats.cc:182) Processed features for key S_S04_D3
WARNING (compute-mfcc-feats[5.5.1009~1-e4940]:main():compute-mfcc-feats.cc:122) Channel not specified but you have data with 2 channels; defaulting to zero
LOG (compute-mfcc-feats[5.5.1009~1-e4940]:main():compute-mfcc-feats.cc:181) Processed 10 utterances
VLOG[2] (compute-mfcc-feats[5.5.1009~1-e4940]:main():compute-mfcc-feats.cc:182) Processed features for key S_S04_D4
WARNING (compute-mfcc-feats[5.5.1009~1-e4940]:main():compute-mfcc-feats.cc:122) Channel not specified but you have data with 2 channels; defaulting to zero
VLOG[2] (compute-mfcc-feats[5.5.1009~1-e4940]:main():compute-mfcc-feats.cc:182) Processed features for key S_S04_D5
WARNING (compute-mfcc-feats[5.5.1009~1-e4940]:main():compute-mfcc-feats.cc:122) Channel not specified but you have data with 2 channels; defaulting to zero
VLOG[2] (compute-mfcc-feats[5.5.1009~1-e4940]:main():compute-mfcc-feats.cc:182) Processed features for key S_S04_D6
LOG (compute-mfcc-feats[5.5.1009~1-e4940]:main():compute-mfcc-feats.cc:185)  Done 12 out of 12 utterances.
LOG (copy-feats[5.5.1009~1-e4940]:main():copy-feats.cc:143) Copied 12 feature matrices.
# Accounting: time=0 threads=1
# Ended (code 0) at Thứ năm, 07 Tháng 4 năm 2022 14:08:43 +07, elapsed time 0 seconds
