# build-tree --verbose=1 --max-leaves=2000 --cluster-thresh=-1 exp/tri1/treeacc data/lang/phones/roots.int exp/tri1/questions.qst data/lang/topo exp/tri1/tree 
# Started at Thứ năm, 07 Tháng 4 năm 2022 14:09:00 +07
#
build-tree --verbose=1 --max-leaves=2000 --cluster-thresh=-1 exp/tri1/treeacc data/lang/phones/roots.int exp/tri1/questions.qst data/lang/topo exp/tri1/tree 
LOG (build-tree[5.5.1009~1-e4940]:main():build-tree.cc:104) Number of separate statistics is 347
LOG (build-tree[5.5.1009~1-e4940]:BuildTree():build-tree.cc:161) BuildTree: before building trees, map has 28 leaves.
LOG (build-tree[5.5.1009~1-e4940]:SplitDecisionTree():build-tree-utils.cc:577) DoDecisionTreeSplit: split 48 times, #leaves now 76
LOG (build-tree[5.5.1009~1-e4940]:BuildTree():build-tree.cc:187) Setting clustering threshold to smallest split 312.732
VLOG[1] (build-tree[5.5.1009~1-e4940]:BuildTree():build-tree.cc:196) After decision tree split, num-leaves = 76, like-impr = 6.42311 per frame over 9466 frames.
VLOG[1] (build-tree[5.5.1009~1-e4940]:BuildTree():build-tree.cc:200) Including just phones that were split, improvement is 6.42311 per frame over 9466 frames.
LOG (build-tree[5.5.1009~1-e4940]:BuildTree():build-tree.cc:215) BuildTree: removed 4 leaves.
VLOG[1] (build-tree[5.5.1009~1-e4940]:ClusterEventMapToNClustersRestrictedByMap():build-tree-utils.cc:914) Number of non-empty clusters in map = 24
VLOG[1] (build-tree[5.5.1009~1-e4940]:ClusterEventMapToNClustersRestrictedByMap():build-tree-utils.cc:915) Number of non-empty clusters = 68
WARNING (build-tree[5.5.1009~1-e4940]:ClusterEventMapToNClustersRestrictedByMap():build-tree-utils.cc:918) Cannot get required num-clusters 72 as number of non-empty clusters required is larger than  number of non-empty clusters: 69 > 68
VLOG[1] (build-tree[5.5.1009~1-e4940]:BuildTree():build-tree.cc:256) Objf change due to clustering -0.0845724 per frame.
VLOG[1] (build-tree[5.5.1009~1-e4940]:BuildTree():build-tree.cc:259) Normalizing over only split phones, this is: -0.0845724 per frame.
VLOG[1] (build-tree[5.5.1009~1-e4940]:BuildTree():build-tree.cc:262) Num-leaves is now 72
VLOG[1] (build-tree[5.5.1009~1-e4940]:main():build-tree.cc:143) For pdf-id 1, low count 0
VLOG[1] (build-tree[5.5.1009~1-e4940]:main():build-tree.cc:143) For pdf-id 2, low count 0
VLOG[1] (build-tree[5.5.1009~1-e4940]:main():build-tree.cc:143) For pdf-id 3, low count 0
VLOG[1] (build-tree[5.5.1009~1-e4940]:main():build-tree.cc:143) For pdf-id 4, low count 20
VLOG[1] (build-tree[5.5.1009~1-e4940]:main():build-tree.cc:143) For pdf-id 6, low count 84
VLOG[1] (build-tree[5.5.1009~1-e4940]:main():build-tree.cc:143) For pdf-id 7, low count 83
VLOG[1] (build-tree[5.5.1009~1-e4940]:main():build-tree.cc:143) For pdf-id 9, low count 46
VLOG[1] (build-tree[5.5.1009~1-e4940]:main():build-tree.cc:143) For pdf-id 12, low count 65
VLOG[1] (build-tree[5.5.1009~1-e4940]:main():build-tree.cc:143) For pdf-id 13, low count 43
VLOG[1] (build-tree[5.5.1009~1-e4940]:main():build-tree.cc:143) For pdf-id 15, low count 71
VLOG[1] (build-tree[5.5.1009~1-e4940]:main():build-tree.cc:143) For pdf-id 16, low count 72
VLOG[1] (build-tree[5.5.1009~1-e4940]:main():build-tree.cc:143) For pdf-id 17, low count 85
VLOG[1] (build-tree[5.5.1009~1-e4940]:main():build-tree.cc:143) For pdf-id 18, low count 75
VLOG[1] (build-tree[5.5.1009~1-e4940]:main():build-tree.cc:143) For pdf-id 19, low count 84
VLOG[1] (build-tree[5.5.1009~1-e4940]:main():build-tree.cc:143) For pdf-id 20, low count 77
VLOG[1] (build-tree[5.5.1009~1-e4940]:main():build-tree.cc:143) For pdf-id 21, low count 39
VLOG[1] (build-tree[5.5.1009~1-e4940]:main():build-tree.cc:143) For pdf-id 23, low count 29
VLOG[1] (build-tree[5.5.1009~1-e4940]:main():build-tree.cc:143) For pdf-id 24, low count 9
VLOG[1] (build-tree[5.5.1009~1-e4940]:main():build-tree.cc:143) For pdf-id 25, low count 31
VLOG[1] (build-tree[5.5.1009~1-e4940]:main():build-tree.cc:143) For pdf-id 26, low count 52
VLOG[1] (build-tree[5.5.1009~1-e4940]:main():build-tree.cc:143) For pdf-id 27, low count 0
VLOG[1] (build-tree[5.5.1009~1-e4940]:main():build-tree.cc:143) For pdf-id 37, low count 85
VLOG[1] (build-tree[5.5.1009~1-e4940]:main():build-tree.cc:143) For pdf-id 38, low count 88
VLOG[1] (build-tree[5.5.1009~1-e4940]:main():build-tree.cc:143) For pdf-id 40, low count 97
VLOG[1] (build-tree[5.5.1009~1-e4940]:main():build-tree.cc:143) For pdf-id 41, low count 31
VLOG[1] (build-tree[5.5.1009~1-e4940]:main():build-tree.cc:143) For pdf-id 43, low count 96
VLOG[1] (build-tree[5.5.1009~1-e4940]:main():build-tree.cc:143) For pdf-id 44, low count 54
VLOG[1] (build-tree[5.5.1009~1-e4940]:main():build-tree.cc:143) For pdf-id 45, low count 25
VLOG[1] (build-tree[5.5.1009~1-e4940]:main():build-tree.cc:143) For pdf-id 49, low count 52
VLOG[1] (build-tree[5.5.1009~1-e4940]:main():build-tree.cc:143) For pdf-id 50, low count 84
VLOG[1] (build-tree[5.5.1009~1-e4940]:main():build-tree.cc:143) For pdf-id 51, low count 42
VLOG[1] (build-tree[5.5.1009~1-e4940]:main():build-tree.cc:143) For pdf-id 52, low count 94
VLOG[1] (build-tree[5.5.1009~1-e4940]:main():build-tree.cc:143) For pdf-id 53, low count 51
VLOG[1] (build-tree[5.5.1009~1-e4940]:main():build-tree.cc:143) For pdf-id 54, low count 85
VLOG[1] (build-tree[5.5.1009~1-e4940]:main():build-tree.cc:143) For pdf-id 55, low count 90
VLOG[1] (build-tree[5.5.1009~1-e4940]:main():build-tree.cc:143) For pdf-id 57, low count 85
VLOG[1] (build-tree[5.5.1009~1-e4940]:main():build-tree.cc:143) For pdf-id 58, low count 41
VLOG[1] (build-tree[5.5.1009~1-e4940]:main():build-tree.cc:143) For pdf-id 61, low count 50
VLOG[1] (build-tree[5.5.1009~1-e4940]:main():build-tree.cc:143) For pdf-id 62, low count 86
VLOG[1] (build-tree[5.5.1009~1-e4940]:main():build-tree.cc:143) For pdf-id 63, low count 68
VLOG[1] (build-tree[5.5.1009~1-e4940]:main():build-tree.cc:143) For pdf-id 64, low count 36
VLOG[1] (build-tree[5.5.1009~1-e4940]:main():build-tree.cc:143) For pdf-id 65, low count 38
VLOG[1] (build-tree[5.5.1009~1-e4940]:main():build-tree.cc:143) For pdf-id 66, low count 71
VLOG[1] (build-tree[5.5.1009~1-e4940]:main():build-tree.cc:143) For pdf-id 67, low count 20
VLOG[1] (build-tree[5.5.1009~1-e4940]:main():build-tree.cc:143) For pdf-id 70, low count 94
VLOG[1] (build-tree[5.5.1009~1-e4940]:main():build-tree.cc:143) For pdf-id 71, low count 90
WARNING (build-tree[5.5.1009~1-e4940]:main():build-tree.cc:185) Saw no stats for following phones: 2 3 4 5 6 7 8 9 10 11 12 13 14 15 16 17 18 19 21 22 25 26 27 28 30 31 33 34 36 37 38 39 41 42 44 45 46 47 49 50 51 52 54 57 58 59 60 62 64 65 66 67 69 70 71 73 74 76 77 78 79 80 82 83 84 86 87 89 90 91 93 94 96 97 98 99 101 102 104 105 106 108 109 110 111 112 113 114 
LOG (build-tree[5.5.1009~1-e4940]:main():build-tree.cc:189) Wrote tree
# Accounting: time=0 threads=1
# Ended (code 0) at Thứ năm, 07 Tháng 4 năm 2022 14:09:00 +07, elapsed time 0 seconds
