# gmm-init-model --write-occs=exp/tri1/1.occs exp/tri1/tree exp/tri1/treeacc data/lang/topo exp/tri1/1.mdl 
# Started at Thứ năm, 07 Tháng 4 năm 2022 14:09:00 +07
#
gmm-init-model --write-occs=exp/tri1/1.occs exp/tri1/tree exp/tri1/treeacc data/lang/topo exp/tri1/1.mdl 
LOG (gmm-init-model[5.5.1009~1-e4940]:main():gmm-init-model.cc:271) Number of separate statistics is 347
WARNING (gmm-init-model[5.5.1009~1-e4940]:InitAmGmm():gmm-init-model.cc:55) Tree has pdf-id 1 with no stats; corresponding phone list: 6 7 8 9 10 
WARNING (gmm-init-model[5.5.1009~1-e4940]:InitAmGmm():gmm-init-model.cc:55) Tree has pdf-id 2 with no stats; corresponding phone list: 11 12 13 14 
WARNING (gmm-init-model[5.5.1009~1-e4940]:InitAmGmm():gmm-init-model.cc:55) Tree has pdf-id 3 with no stats; corresponding phone list: 15 16 17 18 
WARNING (gmm-init-model[5.5.1009~1-e4940]:InitAmGmm():gmm-init-model.cc:55) Tree has pdf-id 27 with no stats; corresponding phone list: 111 112 113 114 
WARNING (gmm-init-model[5.5.1009~1-e4940]:InitAmGmm():gmm-init-model.cc:83) Very small count for state 4: 20; corresponding phone list: 19 20 21 22 
WARNING (gmm-init-model[5.5.1009~1-e4940]:InitAmGmm():gmm-init-model.cc:83) Very small count for state 6: 84; corresponding phone list: 27 28 29 30 
WARNING (gmm-init-model[5.5.1009~1-e4940]:InitAmGmm():gmm-init-model.cc:83) Very small count for state 7: 83; corresponding phone list: 31 32 33 34 
WARNING (gmm-init-model[5.5.1009~1-e4940]:InitAmGmm():gmm-init-model.cc:83) Very small count for state 9: 46; corresponding phone list: 39 40 41 42 
WARNING (gmm-init-model[5.5.1009~1-e4940]:InitAmGmm():gmm-init-model.cc:83) Very small count for state 12: 65; corresponding phone list: 51 52 53 54 
WARNING (gmm-init-model[5.5.1009~1-e4940]:InitAmGmm():gmm-init-model.cc:83) Very small count for state 13: 43; corresponding phone list: 55 56 57 58 
WARNING (gmm-init-model[5.5.1009~1-e4940]:InitAmGmm():gmm-init-model.cc:83) Very small count for state 15: 71; corresponding phone list: 63 64 65 66 
WARNING (gmm-init-model[5.5.1009~1-e4940]:InitAmGmm():gmm-init-model.cc:83) Very small count for state 16: 72; corresponding phone list: 67 68 69 70 
WARNING (gmm-init-model[5.5.1009~1-e4940]:InitAmGmm():gmm-init-model.cc:83) Very small count for state 17: 85; corresponding phone list: 71 72 73 74 
WARNING (gmm-init-model[5.5.1009~1-e4940]:InitAmGmm():gmm-init-model.cc:83) Very small count for state 18: 75; corresponding phone list: 75 76 77 78 
WARNING (gmm-init-model[5.5.1009~1-e4940]:InitAmGmm():gmm-init-model.cc:83) Very small count for state 19: 84; corresponding phone list: 79 80 81 82 
WARNING (gmm-init-model[5.5.1009~1-e4940]:InitAmGmm():gmm-init-model.cc:83) Very small count for state 20: 77; corresponding phone list: 83 84 85 86 
WARNING (gmm-init-model[5.5.1009~1-e4940]:InitAmGmm():gmm-init-model.cc:83) Very small count for state 21: 39; corresponding phone list: 87 88 89 90 
WARNING (gmm-init-model[5.5.1009~1-e4940]:InitAmGmm():gmm-init-model.cc:83) Very small count for state 23: 29; corresponding phone list: 95 96 97 98 
WARNING (gmm-init-model[5.5.1009~1-e4940]:InitAmGmm():gmm-init-model.cc:83) Very small count for state 24: 9; corresponding phone list: 99 100 101 102 
WARNING (gmm-init-model[5.5.1009~1-e4940]:InitAmGmm():gmm-init-model.cc:83) Very small count for state 25: 31; corresponding phone list: 103 104 105 106 
WARNING (gmm-init-model[5.5.1009~1-e4940]:InitAmGmm():gmm-init-model.cc:83) Very small count for state 26: 52; corresponding phone list: 107 108 109 110 
WARNING (gmm-init-model[5.5.1009~1-e4940]:InitAmGmm():gmm-init-model.cc:83) Very small count for state 37: 85; corresponding phone list: 67 68 69 70 
WARNING (gmm-init-model[5.5.1009~1-e4940]:InitAmGmm():gmm-init-model.cc:83) Very small count for state 38: 88; corresponding phone list: 47 48 49 50 
WARNING (gmm-init-model[5.5.1009~1-e4940]:InitAmGmm():gmm-init-model.cc:83) Very small count for state 40: 97; corresponding phone list: 55 56 57 58 
WARNING (gmm-init-model[5.5.1009~1-e4940]:InitAmGmm():gmm-init-model.cc:83) Very small count for state 41: 31; corresponding phone list: 23 24 25 26 
WARNING (gmm-init-model[5.5.1009~1-e4940]:InitAmGmm():gmm-init-model.cc:83) Very small count for state 43: 96; corresponding phone list: 27 28 29 30 
WARNING (gmm-init-model[5.5.1009~1-e4940]:InitAmGmm():gmm-init-model.cc:83) Very small count for state 44: 54; corresponding phone list: 35 36 37 38 
WARNING (gmm-init-model[5.5.1009~1-e4940]:InitAmGmm():gmm-init-model.cc:83) Very small count for state 45: 25; corresponding phone list: 95 96 97 98 
WARNING (gmm-init-model[5.5.1009~1-e4940]:InitAmGmm():gmm-init-model.cc:83) Very small count for state 49: 52; corresponding phone list: 75 76 77 78 
WARNING (gmm-init-model[5.5.1009~1-e4940]:InitAmGmm():gmm-init-model.cc:83) Very small count for state 50: 84; corresponding phone list: 103 104 105 106 
WARNING (gmm-init-model[5.5.1009~1-e4940]:InitAmGmm():gmm-init-model.cc:83) Very small count for state 51: 42; corresponding phone list: 83 84 85 86 
WARNING (gmm-init-model[5.5.1009~1-e4940]:InitAmGmm():gmm-init-model.cc:83) Very small count for state 52: 94; corresponding phone list: 91 92 93 94 
WARNING (gmm-init-model[5.5.1009~1-e4940]:InitAmGmm():gmm-init-model.cc:83) Very small count for state 53: 51; corresponding phone list: 107 108 109 110 
WARNING (gmm-init-model[5.5.1009~1-e4940]:InitAmGmm():gmm-init-model.cc:83) Very small count for state 54: 85; corresponding phone list: 55 56 57 58 
WARNING (gmm-init-model[5.5.1009~1-e4940]:InitAmGmm():gmm-init-model.cc:83) Very small count for state 55: 90; corresponding phone list: 103 104 105 106 
WARNING (gmm-init-model[5.5.1009~1-e4940]:InitAmGmm():gmm-init-model.cc:83) Very small count for state 57: 85; corresponding phone list: 75 76 77 78 
WARNING (gmm-init-model[5.5.1009~1-e4940]:InitAmGmm():gmm-init-model.cc:83) Very small count for state 58: 41; corresponding phone list: 39 40 41 42 
WARNING (gmm-init-model[5.5.1009~1-e4940]:InitAmGmm():gmm-init-model.cc:83) Very small count for state 61: 50; corresponding phone list: 39 40 41 42 
WARNING (gmm-init-model[5.5.1009~1-e4940]:InitAmGmm():gmm-init-model.cc:83) Very small count for state 62: 86; corresponding phone list: 23 24 25 26 
WARNING (gmm-init-model[5.5.1009~1-e4940]:InitAmGmm():gmm-init-model.cc:83) Very small count for state 63: 68; corresponding phone list: 43 44 45 46 
WARNING (gmm-init-model[5.5.1009~1-e4940]:InitAmGmm():gmm-init-model.cc:83) Very small count for state 64: 36; corresponding phone list: 91 92 93 94 
WARNING (gmm-init-model[5.5.1009~1-e4940]:InitAmGmm():gmm-init-model.cc:83) Very small count for state 65: 38; corresponding phone list: 47 48 49 50 
WARNING (gmm-init-model[5.5.1009~1-e4940]:InitAmGmm():gmm-init-model.cc:83) Very small count for state 66: 71; corresponding phone list: 63 64 65 66 
WARNING (gmm-init-model[5.5.1009~1-e4940]:InitAmGmm():gmm-init-model.cc:83) Very small count for state 67: 20; corresponding phone list: 107 108 109 110 
WARNING (gmm-init-model[5.5.1009~1-e4940]:InitAmGmm():gmm-init-model.cc:83) Very small count for state 70: 94; corresponding phone list: 95 96 97 98 
WARNING (gmm-init-model[5.5.1009~1-e4940]:InitAmGmm():gmm-init-model.cc:83) Very small count for state 71: 90; corresponding phone list: 79 80 81 82 
LOG (gmm-init-model[5.5.1009~1-e4940]:main():gmm-init-model.cc:306) Wrote model.
# Accounting: time=0 threads=1
# Ended (code 0) at Thứ năm, 07 Tháng 4 năm 2022 14:09:00 +07, elapsed time 0 seconds
