# gmm-est --mix-up=2720 --power=0.25 --write-occs=exp/tri1/4.occs exp/tri1/3.mdl "gmm-sum-accs - exp/tri1/3.*.acc |" exp/tri1/4.mdl 
# Started at Thứ hai, 11 Tháng 4 năm 2022 14:53:56 +07
#
gmm-est --mix-up=2720 --power=0.25 --write-occs=exp/tri1/4.occs exp/tri1/3.mdl 'gmm-sum-accs - exp/tri1/3.*.acc |' exp/tri1/4.mdl 
gmm-sum-accs - exp/tri1/3.1.acc 
LOG (gmm-sum-accs[5.5.1009~1-e4940]:main():gmm-sum-accs.cc:63) Summed 1 stats, total count 21822, avg like/frame -90.5579
LOG (gmm-sum-accs[5.5.1009~1-e4940]:main():gmm-sum-accs.cc:66) Total count of stats is 21822
LOG (gmm-sum-accs[5.5.1009~1-e4940]:main():gmm-sum-accs.cc:67) Written stats to -
LOG (gmm-est[5.5.1009~1-e4940]:MleUpdate():transition-model.cc:528) TransitionModel::Update, objf change is 0 per frame over 21822 frames. 
LOG (gmm-est[5.5.1009~1-e4940]:MleUpdate():transition-model.cc:531) 5 probabilities floored, 383 out of 494 transition-states skipped due to insuffient data (it is normal to have some skipped.)
LOG (gmm-est[5.5.1009~1-e4940]:main():gmm-est.cc:102) Transition model update: Overall 0 log-like improvement per frame over 21822 frames.
WARNING (gmm-est[5.5.1009~1-e4940]:MleDiagGmmUpdate():mle-diag-gmm.cc:359) Too little data - removing Gaussian (weight 0.005546, occupation count 7.170493, vector size 39)
WARNING (gmm-est[5.5.1009~1-e4940]:MleDiagGmmUpdate():mle-diag-gmm.cc:359) Too little data - removing Gaussian (weight 0.003186, occupation count 4.119918, vector size 39)
WARNING (gmm-est[5.5.1009~1-e4940]:MleDiagGmmUpdate():mle-diag-gmm.cc:359) Too little data - removing Gaussian (weight 0.005537, occupation count 7.159678, vector size 39)
WARNING (gmm-est[5.5.1009~1-e4940]:MleDiagGmmUpdate():mle-diag-gmm.cc:359) Too little data - removing Gaussian (weight 0.005164, occupation count 6.677171, vector size 39)
WARNING (gmm-est[5.5.1009~1-e4940]:MleDiagGmmUpdate():mle-diag-gmm.cc:359) Too little data - removing Gaussian (weight 0.007359, occupation count 9.514943, vector size 39)
WARNING (gmm-est[5.5.1009~1-e4940]:MleDiagGmmUpdate():mle-diag-gmm.cc:359) Too little data - removing Gaussian (weight 0.004819, occupation count 6.230378, vector size 39)
WARNING (gmm-est[5.5.1009~1-e4940]:MleDiagGmmUpdate():mle-diag-gmm.cc:359) Too little data - removing Gaussian (weight 0.003583, occupation count 4.632182, vector size 39)
WARNING (gmm-est[5.5.1009~1-e4940]:MleDiagGmmUpdate():mle-diag-gmm.cc:359) Too little data - removing Gaussian (weight 0.005485, occupation count 7.091918, vector size 39)
WARNING (gmm-est[5.5.1009~1-e4940]:MleDiagGmmUpdate():mle-diag-gmm.cc:359) Too little data - removing Gaussian (weight 0.006914, occupation count 8.939419, vector size 39)
WARNING (gmm-est[5.5.1009~1-e4940]:MleDiagGmmUpdate():mle-diag-gmm.cc:359) Too little data - removing Gaussian (weight 0.005765, occupation count 7.453993, vector size 39)
WARNING (gmm-est[5.5.1009~1-e4940]:MleDiagGmmUpdate():mle-diag-gmm.cc:359) Too little data - removing Gaussian (weight 0.004100, occupation count 5.301286, vector size 39)
WARNING (gmm-est[5.5.1009~1-e4940]:MleDiagGmmUpdate():mle-diag-gmm.cc:359) Too little data - removing Gaussian (weight 0.004989, occupation count 6.450248, vector size 39)
WARNING (gmm-est[5.5.1009~1-e4940]:MleDiagGmmUpdate():mle-diag-gmm.cc:359) Too little data - removing Gaussian (weight 0.005979, occupation count 7.730703, vector size 39)
WARNING (gmm-est[5.5.1009~1-e4940]:MleDiagGmmUpdate():mle-diag-gmm.cc:359) Too little data - removing Gaussian (weight 0.005506, occupation count 7.118850, vector size 39)
WARNING (gmm-est[5.5.1009~1-e4940]:MleDiagGmmUpdate():mle-diag-gmm.cc:359) Too little data - removing Gaussian (weight 0.006872, occupation count 8.885376, vector size 39)
WARNING (gmm-est[5.5.1009~1-e4940]:MleDiagGmmUpdate():mle-diag-gmm.cc:359) Too little data - removing Gaussian (weight 0.005193, occupation count 6.715061, vector size 39)
WARNING (gmm-est[5.5.1009~1-e4940]:MleDiagGmmUpdate():mle-diag-gmm.cc:359) Too little data - removing Gaussian (weight 0.003686, occupation count 4.766058, vector size 39)
WARNING (gmm-est[5.5.1009~1-e4940]:MleDiagGmmUpdate():mle-diag-gmm.cc:359) Too little data - removing Gaussian (weight 0.004167, occupation count 5.388035, vector size 39)
WARNING (gmm-est[5.5.1009~1-e4940]:MleDiagGmmUpdate():mle-diag-gmm.cc:359) Too little data - removing Gaussian (weight 0.003562, occupation count 4.605779, vector size 39)
WARNING (gmm-est[5.5.1009~1-e4940]:MleDiagGmmUpdate():mle-diag-gmm.cc:359) Too little data - removing Gaussian (weight 0.007442, occupation count 9.622373, vector size 39)
WARNING (gmm-est[5.5.1009~1-e4940]:MleDiagGmmUpdate():mle-diag-gmm.cc:359) Too little data - removing Gaussian (weight 0.002905, occupation count 3.756465, vector size 39)
WARNING (gmm-est[5.5.1009~1-e4940]:MleDiagGmmUpdate():mle-diag-gmm.cc:359) Too little data - removing Gaussian (weight 0.005438, occupation count 7.030820, vector size 39)
WARNING (gmm-est[5.5.1009~1-e4940]:MleDiagGmmUpdate():mle-diag-gmm.cc:359) Too little data - removing Gaussian (weight 0.004081, occupation count 5.277065, vector size 39)
WARNING (gmm-est[5.5.1009~1-e4940]:MleDiagGmmUpdate():mle-diag-gmm.cc:359) Too little data - removing Gaussian (weight 0.006247, occupation count 8.076860, vector size 39)
WARNING (gmm-est[5.5.1009~1-e4940]:MleDiagGmmUpdate():mle-diag-gmm.cc:359) Too little data - removing Gaussian (weight 0.004163, occupation count 5.383358, vector size 39)
WARNING (gmm-est[5.5.1009~1-e4940]:MleDiagGmmUpdate():mle-diag-gmm.cc:359) Too little data - removing Gaussian (weight 0.004591, occupation count 5.936118, vector size 39)
WARNING (gmm-est[5.5.1009~1-e4940]:MleDiagGmmUpdate():mle-diag-gmm.cc:359) Too little data - removing Gaussian (weight 0.003606, occupation count 4.662134, vector size 39)
WARNING (gmm-est[5.5.1009~1-e4940]:MleDiagGmmUpdate():mle-diag-gmm.cc:365) Gaussian has too little data but not removing it because it is the last Gaussian: i = 0, occ = 0, weight = 1
WARNING (gmm-est[5.5.1009~1-e4940]:MleDiagGmmUpdate():mle-diag-gmm.cc:365) Gaussian has too little data but not removing it because it is the last Gaussian: i = 0, occ = 0, weight = 1
WARNING (gmm-est[5.5.1009~1-e4940]:MleDiagGmmUpdate():mle-diag-gmm.cc:365) Gaussian has too little data but not removing it because it is the last Gaussian: i = 0, occ = 0, weight = 1
WARNING (gmm-est[5.5.1009~1-e4940]:MleDiagGmmUpdate():mle-diag-gmm.cc:359) Too little data - removing Gaussian (weight 0.057484, occupation count 9.312479, vector size 39)
WARNING (gmm-est[5.5.1009~1-e4940]:MleDiagGmmUpdate():mle-diag-gmm.cc:359) Too little data - removing Gaussian (weight 0.030568, occupation count 8.069872, vector size 39)
WARNING (gmm-est[5.5.1009~1-e4940]:MleDiagGmmUpdate():mle-diag-gmm.cc:359) Too little data - removing Gaussian (weight 0.014064, occupation count 3.713003, vector size 39)
WARNING (gmm-est[5.5.1009~1-e4940]:MleDiagGmmUpdate():mle-diag-gmm.cc:359) Too little data - removing Gaussian (weight 0.011965, occupation count 3.158669, vector size 39)
WARNING (gmm-est[5.5.1009~1-e4940]:MleDiagGmmUpdate():mle-diag-gmm.cc:359) Too little data - removing Gaussian (weight 0.023243, occupation count 6.136077, vector size 39)
WARNING (gmm-est[5.5.1009~1-e4940]:MleDiagGmmUpdate():mle-diag-gmm.cc:359) Too little data - removing Gaussian (weight 0.033751, occupation count 8.910307, vector size 39)
WARNING (gmm-est[5.5.1009~1-e4940]:MleDiagGmmUpdate():mle-diag-gmm.cc:359) Too little data - removing Gaussian (weight 0.018976, occupation count 5.009559, vector size 39)
WARNING (gmm-est[5.5.1009~1-e4940]:MleDiagGmmUpdate():mle-diag-gmm.cc:359) Too little data - removing Gaussian (weight 0.034178, occupation count 9.023055, vector size 39)
WARNING (gmm-est[5.5.1009~1-e4940]:MleDiagGmmUpdate():mle-diag-gmm.cc:359) Too little data - removing Gaussian (weight 0.036642, occupation count 9.453612, vector size 39)
WARNING (gmm-est[5.5.1009~1-e4940]:MleDiagGmmUpdate():mle-diag-gmm.cc:359) Too little data - removing Gaussian (weight 0.058106, occupation count 8.715872, vector size 39)
WARNING (gmm-est[5.5.1009~1-e4940]:MleDiagGmmUpdate():mle-diag-gmm.cc:359) Too little data - removing Gaussian (weight 0.028105, occupation count 7.251201, vector size 39)
WARNING (gmm-est[5.5.1009~1-e4940]:MleDiagGmmUpdate():mle-diag-gmm.cc:359) Too little data - removing Gaussian (weight 0.018642, occupation count 4.809669, vector size 39)
WARNING (gmm-est[5.5.1009~1-e4940]:MleDiagGmmUpdate():mle-diag-gmm.cc:359) Too little data - removing Gaussian (weight 0.014151, occupation count 3.650862, vector size 39)
WARNING (gmm-est[5.5.1009~1-e4940]:MleDiagGmmUpdate():mle-diag-gmm.cc:359) Too little data - removing Gaussian (weight 0.021433, occupation count 5.529704, vector size 39)
WARNING (gmm-est[5.5.1009~1-e4940]:MleDiagGmmUpdate():mle-diag-gmm.cc:359) Too little data - removing Gaussian (weight 0.027800, occupation count 5.421097, vector size 39)
WARNING (gmm-est[5.5.1009~1-e4940]:MleDiagGmmUpdate():mle-diag-gmm.cc:359) Too little data - removing Gaussian (weight 0.032606, occupation count 6.358259, vector size 39)
WARNING (gmm-est[5.5.1009~1-e4940]:MleDiagGmmUpdate():mle-diag-gmm.cc:359) Too little data - removing Gaussian (weight 0.039614, occupation count 7.724702, vector size 39)
WARNING (gmm-est[5.5.1009~1-e4940]:MleDiagGmmUpdate():mle-diag-gmm.cc:365) Gaussian has too little data but not removing it because it is the last Gaussian: i = 0, occ = 0, weight = 1
WARNING (gmm-est[5.5.1009~1-e4940]:MleDiagGmmUpdate():mle-diag-gmm.cc:359) Too little data - removing Gaussian (weight 0.012186, occupation count 7.920651, vector size 39)
WARNING (gmm-est[5.5.1009~1-e4940]:MleDiagGmmUpdate():mle-diag-gmm.cc:359) Too little data - removing Gaussian (weight 0.014776, occupation count 9.604190, vector size 39)
WARNING (gmm-est[5.5.1009~1-e4940]:MleDiagGmmUpdate():mle-diag-gmm.cc:359) Too little data - removing Gaussian (weight 0.009184, occupation count 9.073643, vector size 39)
WARNING (gmm-est[5.5.1009~1-e4940]:MleDiagGmmUpdate():mle-diag-gmm.cc:359) Too little data - removing Gaussian (weight 0.008561, occupation count 8.458454, vector size 39)
WARNING (gmm-est[5.5.1009~1-e4940]:MleDiagGmmUpdate():mle-diag-gmm.cc:359) Too little data - removing Gaussian (weight 0.009208, occupation count 9.097247, vector size 39)
WARNING (gmm-est[5.5.1009~1-e4940]:MleDiagGmmUpdate():mle-diag-gmm.cc:359) Too little data - removing Gaussian (weight 0.007116, occupation count 7.031057, vector size 39)
WARNING (gmm-est[5.5.1009~1-e4940]:MleDiagGmmUpdate():mle-diag-gmm.cc:359) Too little data - removing Gaussian (weight 0.007911, occupation count 7.816246, vector size 39)
WARNING (gmm-est[5.5.1009~1-e4940]:MleDiagGmmUpdate():mle-diag-gmm.cc:359) Too little data - removing Gaussian (weight 0.009442, occupation count 9.328984, vector size 39)
WARNING (gmm-est[5.5.1009~1-e4940]:MleDiagGmmUpdate():mle-diag-gmm.cc:359) Too little data - removing Gaussian (weight 0.007677, occupation count 7.584958, vector size 39)
WARNING (gmm-est[5.5.1009~1-e4940]:MleDiagGmmUpdate():mle-diag-gmm.cc:359) Too little data - removing Gaussian (weight 0.008878, occupation count 8.771220, vector size 39)
WARNING (gmm-est[5.5.1009~1-e4940]:MleDiagGmmUpdate():mle-diag-gmm.cc:359) Too little data - removing Gaussian (weight 0.007574, occupation count 7.483467, vector size 39)
WARNING (gmm-est[5.5.1009~1-e4940]:MleDiagGmmUpdate():mle-diag-gmm.cc:359) Too little data - removing Gaussian (weight 0.009593, occupation count 9.478169, vector size 39)
WARNING (gmm-est[5.5.1009~1-e4940]:MleDiagGmmUpdate():mle-diag-gmm.cc:359) Too little data - removing Gaussian (weight 0.007058, occupation count 6.973004, vector size 39)
WARNING (gmm-est[5.5.1009~1-e4940]:MleDiagGmmUpdate():mle-diag-gmm.cc:359) Too little data - removing Gaussian (weight 0.007709, occupation count 7.616607, vector size 39)
WARNING (gmm-est[5.5.1009~1-e4940]:MleDiagGmmUpdate():mle-diag-gmm.cc:359) Too little data - removing Gaussian (weight 0.012013, occupation count 8.324876, vector size 39)
WARNING (gmm-est[5.5.1009~1-e4940]:MleDiagGmmUpdate():mle-diag-gmm.cc:359) Too little data - removing Gaussian (weight 0.008270, occupation count 5.730986, vector size 39)
WARNING (gmm-est[5.5.1009~1-e4940]:MleDiagGmmUpdate():mle-diag-gmm.cc:359) Too little data - removing Gaussian (weight 0.014298, occupation count 9.908600, vector size 39)
WARNING (gmm-est[5.5.1009~1-e4940]:MleDiagGmmUpdate():mle-diag-gmm.cc:359) Too little data - removing Gaussian (weight 0.008798, occupation count 6.097024, vector size 39)
WARNING (gmm-est[5.5.1009~1-e4940]:MleDiagGmmUpdate():mle-diag-gmm.cc:359) Too little data - removing Gaussian (weight 0.009948, occupation count 6.894295, vector size 39)
WARNING (gmm-est[5.5.1009~1-e4940]:MleDiagGmmUpdate():mle-diag-gmm.cc:359) Too little data - removing Gaussian (weight 0.008741, occupation count 6.057787, vector size 39)
WARNING (gmm-est[5.5.1009~1-e4940]:MleDiagGmmUpdate():mle-diag-gmm.cc:359) Too little data - removing Gaussian (weight 0.014303, occupation count 9.912236, vector size 39)
WARNING (gmm-est[5.5.1009~1-e4940]:MleDiagGmmUpdate():mle-diag-gmm.cc:359) Too little data - removing Gaussian (weight 0.010918, occupation count 7.566004, vector size 39)
WARNING (gmm-est[5.5.1009~1-e4940]:MleDiagGmmUpdate():mle-diag-gmm.cc:359) Too little data - removing Gaussian (weight 0.009465, occupation count 6.559228, vector size 39)
WARNING (gmm-est[5.5.1009~1-e4940]:MleDiagGmmUpdate():mle-diag-gmm.cc:359) Too little data - removing Gaussian (weight 0.026360, occupation count 2.504157, vector size 39)
WARNING (gmm-est[5.5.1009~1-e4940]:MleDiagGmmUpdate():mle-diag-gmm.cc:359) Too little data - removing Gaussian (weight 0.013807, occupation count 5.053223, vector size 39)
WARNING (gmm-est[5.5.1009~1-e4940]:MleDiagGmmUpdate():mle-diag-gmm.cc:359) Too little data - removing Gaussian (weight 0.015391, occupation count 5.632929, vector size 39)
WARNING (gmm-est[5.5.1009~1-e4940]:MleDiagGmmUpdate():mle-diag-gmm.cc:359) Too little data - removing Gaussian (weight 0.024271, occupation count 8.883110, vector size 39)
WARNING (gmm-est[5.5.1009~1-e4940]:MleDiagGmmUpdate():mle-diag-gmm.cc:359) Too little data - removing Gaussian (weight 0.026718, occupation count 9.778746, vector size 39)
WARNING (gmm-est[5.5.1009~1-e4940]:MleDiagGmmUpdate():mle-diag-gmm.cc:359) Too little data - removing Gaussian (weight 0.016435, occupation count 6.015329, vector size 39)
WARNING (gmm-est[5.5.1009~1-e4940]:MleDiagGmmUpdate():mle-diag-gmm.cc:359) Too little data - removing Gaussian (weight 0.027149, occupation count 9.936435, vector size 39)
WARNING (gmm-est[5.5.1009~1-e4940]:MleDiagGmmUpdate():mle-diag-gmm.cc:359) Too little data - removing Gaussian (weight 0.016728, occupation count 6.590870, vector size 39)
WARNING (gmm-est[5.5.1009~1-e4940]:MleDiagGmmUpdate():mle-diag-gmm.cc:359) Too little data - removing Gaussian (weight 0.012451, occupation count 4.905620, vector size 39)
WARNING (gmm-est[5.5.1009~1-e4940]:MleDiagGmmUpdate():mle-diag-gmm.cc:359) Too little data - removing Gaussian (weight 0.025276, occupation count 9.958630, vector size 39)
WARNING (gmm-est[5.5.1009~1-e4940]:MleDiagGmmUpdate():mle-diag-gmm.cc:359) Too little data - removing Gaussian (weight 0.020780, occupation count 8.187440, vector size 39)
WARNING (gmm-est[5.5.1009~1-e4940]:MleDiagGmmUpdate():mle-diag-gmm.cc:359) Too little data - removing Gaussian (weight 0.022592, occupation count 8.901063, vector size 39)
WARNING (gmm-est[5.5.1009~1-e4940]:MleDiagGmmUpdate():mle-diag-gmm.cc:359) Too little data - removing Gaussian (weight 0.013000, occupation count 5.122164, vector size 39)
WARNING (gmm-est[5.5.1009~1-e4940]:MleDiagGmmUpdate():mle-diag-gmm.cc:359) Too little data - removing Gaussian (weight 0.013616, occupation count 5.364660, vector size 39)
WARNING (gmm-est[5.5.1009~1-e4940]:MleDiagGmmUpdate():mle-diag-gmm.cc:359) Too little data - removing Gaussian (weight 0.028636, occupation count 6.242656, vector size 39)
WARNING (gmm-est[5.5.1009~1-e4940]:MleDiagGmmUpdate():mle-diag-gmm.cc:359) Too little data - removing Gaussian (weight 0.043904, occupation count 9.571056, vector size 39)
WARNING (gmm-est[5.5.1009~1-e4940]:MleDiagGmmUpdate():mle-diag-gmm.cc:359) Too little data - removing Gaussian (weight 0.025959, occupation count 5.658999, vector size 39)
WARNING (gmm-est[5.5.1009~1-e4940]:MleDiagGmmUpdate():mle-diag-gmm.cc:359) Too little data - removing Gaussian (weight 0.036235, occupation count 5.471535, vector size 39)
WARNING (gmm-est[5.5.1009~1-e4940]:MleDiagGmmUpdate():mle-diag-gmm.cc:359) Too little data - removing Gaussian (weight 0.038288, occupation count 5.781477, vector size 39)
WARNING (gmm-est[5.5.1009~1-e4940]:MleDiagGmmUpdate():mle-diag-gmm.cc:359) Too little data - removing Gaussian (weight 0.034148, occupation count 6.180806, vector size 39)
WARNING (gmm-est[5.5.1009~1-e4940]:MleDiagGmmUpdate():mle-diag-gmm.cc:359) Too little data - removing Gaussian (weight 0.037666, occupation count 6.817553, vector size 39)
WARNING (gmm-est[5.5.1009~1-e4940]:MleDiagGmmUpdate():mle-diag-gmm.cc:359) Too little data - removing Gaussian (weight 0.011790, occupation count 9.915569, vector size 39)
WARNING (gmm-est[5.5.1009~1-e4940]:MleDiagGmmUpdate():mle-diag-gmm.cc:359) Too little data - removing Gaussian (weight 0.009682, occupation count 8.142583, vector size 39)
WARNING (gmm-est[5.5.1009~1-e4940]:MleDiagGmmUpdate():mle-diag-gmm.cc:359) Too little data - removing Gaussian (weight 0.008778, occupation count 7.382636, vector size 39)
WARNING (gmm-est[5.5.1009~1-e4940]:MleDiagGmmUpdate():mle-diag-gmm.cc:359) Too little data - removing Gaussian (weight 0.008274, occupation count 6.958138, vector size 39)
WARNING (gmm-est[5.5.1009~1-e4940]:MleDiagGmmUpdate():mle-diag-gmm.cc:359) Too little data - removing Gaussian (weight 0.009340, occupation count 7.854931, vector size 39)
WARNING (gmm-est[5.5.1009~1-e4940]:MleDiagGmmUpdate():mle-diag-gmm.cc:359) Too little data - removing Gaussian (weight 0.006619, occupation count 5.566855, vector size 39)
WARNING (gmm-est[5.5.1009~1-e4940]:MleDiagGmmUpdate():mle-diag-gmm.cc:359) Too little data - removing Gaussian (weight 0.008962, occupation count 7.537062, vector size 39)
WARNING (gmm-est[5.5.1009~1-e4940]:MleDiagGmmUpdate():mle-diag-gmm.cc:359) Too little data - removing Gaussian (weight 0.008720, occupation count 7.333887, vector size 39)
WARNING (gmm-est[5.5.1009~1-e4940]:MleDiagGmmUpdate():mle-diag-gmm.cc:359) Too little data - removing Gaussian (weight 0.010292, occupation count 8.655684, vector size 39)
WARNING (gmm-est[5.5.1009~1-e4940]:MleDiagGmmUpdate():mle-diag-gmm.cc:359) Too little data - removing Gaussian (weight 0.008363, occupation count 7.033092, vector size 39)
WARNING (gmm-est[5.5.1009~1-e4940]:MleDiagGmmUpdate():mle-diag-gmm.cc:359) Too little data - removing Gaussian (weight 0.010671, occupation count 8.974615, vector size 39)
WARNING (gmm-est[5.5.1009~1-e4940]:MleDiagGmmUpdate():mle-diag-gmm.cc:359) Too little data - removing Gaussian (weight 0.013758, occupation count 3.521931, vector size 39)
WARNING (gmm-est[5.5.1009~1-e4940]:MleDiagGmmUpdate():mle-diag-gmm.cc:359) Too little data - removing Gaussian (weight 0.011610, occupation count 2.972143, vector size 39)
WARNING (gmm-est[5.5.1009~1-e4940]:MleDiagGmmUpdate():mle-diag-gmm.cc:359) Too little data - removing Gaussian (weight 0.018603, occupation count 4.762419, vector size 39)
WARNING (gmm-est[5.5.1009~1-e4940]:MleDiagGmmUpdate():mle-diag-gmm.cc:359) Too little data - removing Gaussian (weight 0.024295, occupation count 6.219522, vector size 39)
WARNING (gmm-est[5.5.1009~1-e4940]:MleDiagGmmUpdate():mle-diag-gmm.cc:359) Too little data - removing Gaussian (weight 0.038709, occupation count 9.909378, vector size 39)
WARNING (gmm-est[5.5.1009~1-e4940]:MleDiagGmmUpdate():mle-diag-gmm.cc:359) Too little data - removing Gaussian (weight 0.068555, occupation count 8.500845, vector size 39)
WARNING (gmm-est[5.5.1009~1-e4940]:MleDiagGmmUpdate():mle-diag-gmm.cc:359) Too little data - removing Gaussian (weight 0.021076, occupation count 5.163510, vector size 39)
WARNING (gmm-est[5.5.1009~1-e4940]:MleDiagGmmUpdate():mle-diag-gmm.cc:359) Too little data - removing Gaussian (weight 0.009906, occupation count 2.426893, vector size 39)
WARNING (gmm-est[5.5.1009~1-e4940]:MleDiagGmmUpdate():mle-diag-gmm.cc:359) Too little data - removing Gaussian (weight 0.033552, occupation count 8.220222, vector size 39)
WARNING (gmm-est[5.5.1009~1-e4940]:MleDiagGmmUpdate():mle-diag-gmm.cc:359) Too little data - removing Gaussian (weight 0.037060, occupation count 9.079776, vector size 39)
WARNING (gmm-est[5.5.1009~1-e4940]:MleDiagGmmUpdate():mle-diag-gmm.cc:359) Too little data - removing Gaussian (weight 0.020581, occupation count 5.042288, vector size 39)
WARNING (gmm-est[5.5.1009~1-e4940]:MleDiagGmmUpdate():mle-diag-gmm.cc:359) Too little data - removing Gaussian (weight 0.038412, occupation count 9.411049, vector size 39)
WARNING (gmm-est[5.5.1009~1-e4940]:MleDiagGmmUpdate():mle-diag-gmm.cc:359) Too little data - removing Gaussian (weight 0.021642, occupation count 9.911873, vector size 39)
WARNING (gmm-est[5.5.1009~1-e4940]:MleDiagGmmUpdate():mle-diag-gmm.cc:359) Too little data - removing Gaussian (weight 0.031942, occupation count 7.314652, vector size 39)
WARNING (gmm-est[5.5.1009~1-e4940]:MleDiagGmmUpdate():mle-diag-gmm.cc:359) Too little data - removing Gaussian (weight 0.013311, occupation count 5.377581, vector size 39)
WARNING (gmm-est[5.5.1009~1-e4940]:MleDiagGmmUpdate():mle-diag-gmm.cc:359) Too little data - removing Gaussian (weight 0.015862, occupation count 6.408097, vector size 39)
WARNING (gmm-est[5.5.1009~1-e4940]:MleDiagGmmUpdate():mle-diag-gmm.cc:359) Too little data - removing Gaussian (weight 0.013829, occupation count 5.586894, vector size 39)
WARNING (gmm-est[5.5.1009~1-e4940]:MleDiagGmmUpdate():mle-diag-gmm.cc:359) Too little data - removing Gaussian (weight 0.012479, occupation count 5.041667, vector size 39)
WARNING (gmm-est[5.5.1009~1-e4940]:MleDiagGmmUpdate():mle-diag-gmm.cc:359) Too little data - removing Gaussian (weight 0.018105, occupation count 7.314282, vector size 39)
WARNING (gmm-est[5.5.1009~1-e4940]:MleDiagGmmUpdate():mle-diag-gmm.cc:359) Too little data - removing Gaussian (weight 0.062399, occupation count 9.422311, vector size 39)
WARNING (gmm-est[5.5.1009~1-e4940]:MleDiagGmmUpdate():mle-diag-gmm.cc:359) Too little data - removing Gaussian (weight 0.029775, occupation count 9.885145, vector size 39)
WARNING (gmm-est[5.5.1009~1-e4940]:MleDiagGmmUpdate():mle-diag-gmm.cc:359) Too little data - removing Gaussian (weight 0.023255, occupation count 7.720613, vector size 39)
WARNING (gmm-est[5.5.1009~1-e4940]:MleDiagGmmUpdate():mle-diag-gmm.cc:359) Too little data - removing Gaussian (weight 0.025350, occupation count 8.416352, vector size 39)
WARNING (gmm-est[5.5.1009~1-e4940]:MleDiagGmmUpdate():mle-diag-gmm.cc:359) Too little data - removing Gaussian (weight 0.022307, occupation count 7.405851, vector size 39)
WARNING (gmm-est[5.5.1009~1-e4940]:MleDiagGmmUpdate():mle-diag-gmm.cc:359) Too little data - removing Gaussian (weight 0.025113, occupation count 7.985806, vector size 39)
WARNING (gmm-est[5.5.1009~1-e4940]:MleDiagGmmUpdate():mle-diag-gmm.cc:359) Too little data - removing Gaussian (weight 0.023105, occupation count 7.347365, vector size 39)
WARNING (gmm-est[5.5.1009~1-e4940]:MleDiagGmmUpdate():mle-diag-gmm.cc:359) Too little data - removing Gaussian (weight 0.022979, occupation count 7.307360, vector size 39)
WARNING (gmm-est[5.5.1009~1-e4940]:MleDiagGmmUpdate():mle-diag-gmm.cc:359) Too little data - removing Gaussian (weight 0.024008, occupation count 7.634629, vector size 39)
WARNING (gmm-est[5.5.1009~1-e4940]:MleDiagGmmUpdate():mle-diag-gmm.cc:359) Too little data - removing Gaussian (weight 0.051744, occupation count 9.727809, vector size 39)
WARNING (gmm-est[5.5.1009~1-e4940]:MleDiagGmmUpdate():mle-diag-gmm.cc:359) Too little data - removing Gaussian (weight 0.050697, occupation count 9.531086, vector size 39)
WARNING (gmm-est[5.5.1009~1-e4940]:MleDiagGmmUpdate():mle-diag-gmm.cc:359) Too little data - removing Gaussian (weight 0.027456, occupation count 8.648598, vector size 39)
WARNING (gmm-est[5.5.1009~1-e4940]:MleDiagGmmUpdate():mle-diag-gmm.cc:359) Too little data - removing Gaussian (weight 0.036151, occupation count 7.194022, vector size 39)
WARNING (gmm-est[5.5.1009~1-e4940]:MleDiagGmmUpdate():mle-diag-gmm.cc:359) Too little data - removing Gaussian (weight 0.046166, occupation count 9.187000, vector size 39)
WARNING (gmm-est[5.5.1009~1-e4940]:MleDiagGmmUpdate():mle-diag-gmm.cc:359) Too little data - removing Gaussian (weight 0.040070, occupation count 7.973866, vector size 39)
WARNING (gmm-est[5.5.1009~1-e4940]:MleDiagGmmUpdate():mle-diag-gmm.cc:359) Too little data - removing Gaussian (weight 0.045718, occupation count 9.097852, vector size 39)
WARNING (gmm-est[5.5.1009~1-e4940]:MleDiagGmmUpdate():mle-diag-gmm.cc:359) Too little data - removing Gaussian (weight 0.041447, occupation count 9.781487, vector size 39)
WARNING (gmm-est[5.5.1009~1-e4940]:MleDiagGmmUpdate():mle-diag-gmm.cc:359) Too little data - removing Gaussian (weight 0.037638, occupation count 7.565220, vector size 39)
WARNING (gmm-est[5.5.1009~1-e4940]:MleDiagGmmUpdate():mle-diag-gmm.cc:359) Too little data - removing Gaussian (weight 0.039517, occupation count 7.942966, vector size 39)
WARNING (gmm-est[5.5.1009~1-e4940]:MleDiagGmmUpdate():mle-diag-gmm.cc:359) Too little data - removing Gaussian (weight 0.022290, occupation count 9.829976, vector size 39)
WARNING (gmm-est[5.5.1009~1-e4940]:MleDiagGmmUpdate():mle-diag-gmm.cc:359) Too little data - removing Gaussian (weight 0.009000, occupation count 4.788206, vector size 39)
WARNING (gmm-est[5.5.1009~1-e4940]:MleDiagGmmUpdate():mle-diag-gmm.cc:359) Too little data - removing Gaussian (weight 0.007132, occupation count 3.794397, vector size 39)
WARNING (gmm-est[5.5.1009~1-e4940]:MleDiagGmmUpdate():mle-diag-gmm.cc:359) Too little data - removing Gaussian (weight 0.006920, occupation count 3.681383, vector size 39)
WARNING (gmm-est[5.5.1009~1-e4940]:MleDiagGmmUpdate():mle-diag-gmm.cc:359) Too little data - removing Gaussian (weight 0.003160, occupation count 1.681249, vector size 39)
WARNING (gmm-est[5.5.1009~1-e4940]:MleDiagGmmUpdate():mle-diag-gmm.cc:359) Too little data - removing Gaussian (weight 0.005257, occupation count 2.796972, vector size 39)
WARNING (gmm-est[5.5.1009~1-e4940]:MleDiagGmmUpdate():mle-diag-gmm.cc:359) Too little data - removing Gaussian (weight 0.011025, occupation count 5.865407, vector size 39)
WARNING (gmm-est[5.5.1009~1-e4940]:MleDiagGmmUpdate():mle-diag-gmm.cc:359) Too little data - removing Gaussian (weight 0.014446, occupation count 7.685196, vector size 39)
WARNING (gmm-est[5.5.1009~1-e4940]:MleDiagGmmUpdate():mle-diag-gmm.cc:359) Too little data - removing Gaussian (weight 0.011673, occupation count 6.210148, vector size 39)
WARNING (gmm-est[5.5.1009~1-e4940]:MleDiagGmmUpdate():mle-diag-gmm.cc:359) Too little data - removing Gaussian (weight 0.013103, occupation count 6.970629, vector size 39)
WARNING (gmm-est[5.5.1009~1-e4940]:MleDiagGmmUpdate():mle-diag-gmm.cc:359) Too little data - removing Gaussian (weight 0.012726, occupation count 6.770319, vector size 39)
WARNING (gmm-est[5.5.1009~1-e4940]:MleDiagGmmUpdate():mle-diag-gmm.cc:359) Too little data - removing Gaussian (weight 0.008405, occupation count 4.471429, vector size 39)
WARNING (gmm-est[5.5.1009~1-e4940]:MleDiagGmmUpdate():mle-diag-gmm.cc:359) Too little data - removing Gaussian (weight 0.043100, occupation count 7.887259, vector size 39)
WARNING (gmm-est[5.5.1009~1-e4940]:MleDiagGmmUpdate():mle-diag-gmm.cc:359) Too little data - removing Gaussian (weight 0.045510, occupation count 8.328324, vector size 39)
WARNING (gmm-est[5.5.1009~1-e4940]:MleDiagGmmUpdate():mle-diag-gmm.cc:359) Too little data - removing Gaussian (weight 0.011014, occupation count 2.059693, vector size 39)
WARNING (gmm-est[5.5.1009~1-e4940]:MleDiagGmmUpdate():mle-diag-gmm.cc:359) Too little data - removing Gaussian (weight 0.026382, occupation count 4.933370, vector size 39)
WARNING (gmm-est[5.5.1009~1-e4940]:MleDiagGmmUpdate():mle-diag-gmm.cc:359) Too little data - removing Gaussian (weight 0.029636, occupation count 5.541881, vector size 39)
WARNING (gmm-est[5.5.1009~1-e4940]:MleDiagGmmUpdate():mle-diag-gmm.cc:359) Too little data - removing Gaussian (weight 0.043038, occupation count 8.048024, vector size 39)
WARNING (gmm-est[5.5.1009~1-e4940]:MleDiagGmmUpdate():mle-diag-gmm.cc:359) Too little data - removing Gaussian (weight 0.032081, occupation count 5.999118, vector size 39)
WARNING (gmm-est[5.5.1009~1-e4940]:MleDiagGmmUpdate():mle-diag-gmm.cc:359) Too little data - removing Gaussian (weight 0.037872, occupation count 7.082037, vector size 39)
WARNING (gmm-est[5.5.1009~1-e4940]:MleDiagGmmUpdate():mle-diag-gmm.cc:359) Too little data - removing Gaussian (weight 0.011957, occupation count 3.085005, vector size 39)
WARNING (gmm-est[5.5.1009~1-e4940]:MleDiagGmmUpdate():mle-diag-gmm.cc:359) Too little data - removing Gaussian (weight 0.032040, occupation count 8.266263, vector size 39)
WARNING (gmm-est[5.5.1009~1-e4940]:MleDiagGmmUpdate():mle-diag-gmm.cc:359) Too little data - removing Gaussian (weight 0.028595, occupation count 7.377390, vector size 39)
WARNING (gmm-est[5.5.1009~1-e4940]:MleDiagGmmUpdate():mle-diag-gmm.cc:359) Too little data - removing Gaussian (weight 0.036326, occupation count 9.372207, vector size 39)
WARNING (gmm-est[5.5.1009~1-e4940]:MleDiagGmmUpdate():mle-diag-gmm.cc:359) Too little data - removing Gaussian (weight 0.031116, occupation count 8.027918, vector size 39)
WARNING (gmm-est[5.5.1009~1-e4940]:MleDiagGmmUpdate():mle-diag-gmm.cc:359) Too little data - removing Gaussian (weight 0.062980, occupation count 9.635910, vector size 39)
WARNING (gmm-est[5.5.1009~1-e4940]:MleDiagGmmUpdate():mle-diag-gmm.cc:359) Too little data - removing Gaussian (weight 0.020966, occupation count 8.868491, vector size 39)
WARNING (gmm-est[5.5.1009~1-e4940]:MleDiagGmmUpdate():mle-diag-gmm.cc:359) Too little data - removing Gaussian (weight 0.017020, occupation count 7.199311, vector size 39)
WARNING (gmm-est[5.5.1009~1-e4940]:MleDiagGmmUpdate():mle-diag-gmm.cc:359) Too little data - removing Gaussian (weight 0.020273, occupation count 8.575496, vector size 39)
WARNING (gmm-est[5.5.1009~1-e4940]:MleDiagGmmUpdate():mle-diag-gmm.cc:359) Too little data - removing Gaussian (weight 0.018643, occupation count 7.886080, vector size 39)
WARNING (gmm-est[5.5.1009~1-e4940]:MleDiagGmmUpdate():mle-diag-gmm.cc:359) Too little data - removing Gaussian (weight 0.018806, occupation count 7.955145, vector size 39)
WARNING (gmm-est[5.5.1009~1-e4940]:MleDiagGmmUpdate():mle-diag-gmm.cc:359) Too little data - removing Gaussian (weight 0.022705, occupation count 9.604030, vector size 39)
WARNING (gmm-est[5.5.1009~1-e4940]:MleDiagGmmUpdate():mle-diag-gmm.cc:359) Too little data - removing Gaussian (weight 0.032658, occupation count 6.139774, vector size 39)
WARNING (gmm-est[5.5.1009~1-e4940]:MleDiagGmmUpdate():mle-diag-gmm.cc:359) Too little data - removing Gaussian (weight 0.033898, occupation count 9.728765, vector size 39)
WARNING (gmm-est[5.5.1009~1-e4940]:MleDiagGmmUpdate():mle-diag-gmm.cc:359) Too little data - removing Gaussian (weight 0.045846, occupation count 4.722089, vector size 39)
WARNING (gmm-est[5.5.1009~1-e4940]:MleDiagGmmUpdate():mle-diag-gmm.cc:359) Too little data - removing Gaussian (weight 0.060691, occupation count 9.649940, vector size 39)
LOG (gmm-est[5.5.1009~1-e4940]:MleAmDiagGmmUpdate():mle-am-diag-gmm.cc:225) 0 variance elements floored in 0 Gaussians, out of 873
LOG (gmm-est[5.5.1009~1-e4940]:MleAmDiagGmmUpdate():mle-am-diag-gmm.cc:229) Removed 173 Gaussians due to counts < --min-gaussian-occupancy=10 and --remove-low-count-gaussians=true
LOG (gmm-est[5.5.1009~1-e4940]:main():gmm-est.cc:113) GMM update: Overall 2.31825 objective function improvement per frame over 21822 frames
LOG (gmm-est[5.5.1009~1-e4940]:main():gmm-est.cc:116) GMM update: Overall avg like per frame = -90.5579 over 21822 frames.
WARNING (gmm-est[5.5.1009~1-e4940]:GetSplitTargets():model-common.cc:134) Could not split up to 2720 due to min-count = 20 (or no counts at all)

LOG (gmm-est[5.5.1009~1-e4940]:SplitByCount():am-diag-gmm.cc:116) Split 97 states with target = 2720, power = 0.25, perturb_factor = 0.01 and min_count = 20, split #Gauss from 873 to 1046
LOG (gmm-est[5.5.1009~1-e4940]:main():gmm-est.cc:146) Written model to exp/tri1/4.mdl
# Accounting: time=0 threads=1
# Ended (code 0) at Thứ hai, 11 Tháng 4 năm 2022 14:53:56 +07, elapsed time 0 seconds
