# gmm-est --mix-up=3080 --power=0.25 --write-occs=exp/tri1/5.occs exp/tri1/4.mdl "gmm-sum-accs - exp/tri1/4.*.acc |" exp/tri1/5.mdl 
# Started at Thứ năm, 07 Tháng 4 năm 2022 14:09:01 +07
#
gmm-est --mix-up=3080 --power=0.25 --write-occs=exp/tri1/5.occs exp/tri1/4.mdl 'gmm-sum-accs - exp/tri1/4.*.acc |' exp/tri1/5.mdl 
gmm-sum-accs - exp/tri1/4.1.acc 
LOG (gmm-sum-accs[5.5.1009~1-e4940]:main():gmm-sum-accs.cc:63) Summed 1 stats, total count 9466, avg like/frame -85.1219
LOG (gmm-sum-accs[5.5.1009~1-e4940]:main():gmm-sum-accs.cc:66) Total count of stats is 9466
LOG (gmm-sum-accs[5.5.1009~1-e4940]:main():gmm-sum-accs.cc:67) Written stats to -
LOG (gmm-est[5.5.1009~1-e4940]:MleUpdate():transition-model.cc:528) TransitionModel::Update, objf change is 0 per frame over 9466 frames. 
LOG (gmm-est[5.5.1009~1-e4940]:MleUpdate():transition-model.cc:531) 8 probabilities floored, 340 out of 434 transition-states skipped due to insuffient data (it is normal to have some skipped.)
LOG (gmm-est[5.5.1009~1-e4940]:main():gmm-est.cc:102) Transition model update: Overall 0 log-like improvement per frame over 9466 frames.
WARNING (gmm-est[5.5.1009~1-e4940]:MleDiagGmmUpdate():mle-diag-gmm.cc:365) Gaussian has too little data but not removing it because it is the last Gaussian: i = 0, occ = 0, weight = 1
WARNING (gmm-est[5.5.1009~1-e4940]:MleDiagGmmUpdate():mle-diag-gmm.cc:365) Gaussian has too little data but not removing it because it is the last Gaussian: i = 0, occ = 0, weight = 1
WARNING (gmm-est[5.5.1009~1-e4940]:MleDiagGmmUpdate():mle-diag-gmm.cc:365) Gaussian has too little data but not removing it because it is the last Gaussian: i = 0, occ = 0, weight = 1
WARNING (gmm-est[5.5.1009~1-e4940]:MleDiagGmmUpdate():mle-diag-gmm.cc:359) Too little data - removing Gaussian (weight 0.082879, occupation count 8.287886, vector size 39)
WARNING (gmm-est[5.5.1009~1-e4940]:MleDiagGmmUpdate():mle-diag-gmm.cc:359) Too little data - removing Gaussian (weight 0.095209, occupation count 9.996947, vector size 39)
WARNING (gmm-est[5.5.1009~1-e4940]:MleDiagGmmUpdate():mle-diag-gmm.cc:365) Gaussian has too little data but not removing it because it is the last Gaussian: i = 0, occ = 9, weight = 1
WARNING (gmm-est[5.5.1009~1-e4940]:MleDiagGmmUpdate():mle-diag-gmm.cc:365) Gaussian has too little data but not removing it because it is the last Gaussian: i = 0, occ = 0, weight = 1
WARNING (gmm-est[5.5.1009~1-e4940]:MleDiagGmmUpdate():mle-diag-gmm.cc:359) Too little data - removing Gaussian (weight 0.007982, occupation count 9.921603, vector size 39)
WARNING (gmm-est[5.5.1009~1-e4940]:MleDiagGmmUpdate():mle-diag-gmm.cc:359) Too little data - removing Gaussian (weight 0.007075, occupation count 8.794728, vector size 39)
WARNING (gmm-est[5.5.1009~1-e4940]:MleDiagGmmUpdate():mle-diag-gmm.cc:359) Too little data - removing Gaussian (weight 0.006815, occupation count 8.470719, vector size 39)
WARNING (gmm-est[5.5.1009~1-e4940]:MleDiagGmmUpdate():mle-diag-gmm.cc:359) Too little data - removing Gaussian (weight 0.007259, occupation count 9.023473, vector size 39)
WARNING (gmm-est[5.5.1009~1-e4940]:MleDiagGmmUpdate():mle-diag-gmm.cc:359) Too little data - removing Gaussian (weight 0.005657, occupation count 7.032113, vector size 39)
WARNING (gmm-est[5.5.1009~1-e4940]:MleDiagGmmUpdate():mle-diag-gmm.cc:359) Too little data - removing Gaussian (weight 0.006170, occupation count 7.669905, vector size 39)
WARNING (gmm-est[5.5.1009~1-e4940]:MleDiagGmmUpdate():mle-diag-gmm.cc:359) Too little data - removing Gaussian (weight 0.007701, occupation count 9.572899, vector size 39)
WARNING (gmm-est[5.5.1009~1-e4940]:MleDiagGmmUpdate():mle-diag-gmm.cc:359) Too little data - removing Gaussian (weight 0.008026, occupation count 9.976651, vector size 39)
WARNING (gmm-est[5.5.1009~1-e4940]:MleDiagGmmUpdate():mle-diag-gmm.cc:359) Too little data - removing Gaussian (weight 0.019202, occupation count 6.471091, vector size 39)
WARNING (gmm-est[5.5.1009~1-e4940]:MleDiagGmmUpdate():mle-diag-gmm.cc:359) Too little data - removing Gaussian (weight 0.024691, occupation count 8.790089, vector size 39)
WARNING (gmm-est[5.5.1009~1-e4940]:MleDiagGmmUpdate():mle-diag-gmm.cc:359) Too little data - removing Gaussian (weight 0.020963, occupation count 5.450306, vector size 39)
WARNING (gmm-est[5.5.1009~1-e4940]:MleDiagGmmUpdate():mle-diag-gmm.cc:359) Too little data - removing Gaussian (weight 0.015371, occupation count 6.425169, vector size 39)
WARNING (gmm-est[5.5.1009~1-e4940]:MleDiagGmmUpdate():mle-diag-gmm.cc:359) Too little data - removing Gaussian (weight 0.046935, occupation count 7.791204, vector size 39)
WARNING (gmm-est[5.5.1009~1-e4940]:MleDiagGmmUpdate():mle-diag-gmm.cc:359) Too little data - removing Gaussian (weight 0.091943, occupation count 8.642662, vector size 39)
WARNING (gmm-est[5.5.1009~1-e4940]:MleDiagGmmUpdate():mle-diag-gmm.cc:359) Too little data - removing Gaussian (weight 0.107618, occupation count 9.685620, vector size 39)
LOG (gmm-est[5.5.1009~1-e4940]:MleAmDiagGmmUpdate():mle-am-diag-gmm.cc:225) 0 variance elements floored in 0 Gaussians, out of 428
LOG (gmm-est[5.5.1009~1-e4940]:MleAmDiagGmmUpdate():mle-am-diag-gmm.cc:229) Removed 17 Gaussians due to counts < --min-gaussian-occupancy=10 and --remove-low-count-gaussians=true
LOG (gmm-est[5.5.1009~1-e4940]:main():gmm-est.cc:113) GMM update: Overall 1.11244 objective function improvement per frame over 9466 frames
LOG (gmm-est[5.5.1009~1-e4940]:main():gmm-est.cc:116) GMM update: Overall avg like per frame = -85.1219 over 9466 frames.
WARNING (gmm-est[5.5.1009~1-e4940]:GetSplitTargets():model-common.cc:134) Could not split up to 3080 due to min-count = 20 (or no counts at all)

LOG (gmm-est[5.5.1009~1-e4940]:SplitByCount():am-diag-gmm.cc:116) Split 72 states with target = 3080, power = 0.25, perturb_factor = 0.01 and min_count = 20, split #Gauss from 428 to 445
LOG (gmm-est[5.5.1009~1-e4940]:main():gmm-est.cc:146) Written model to exp/tri1/5.mdl
# Accounting: time=0 threads=1
# Ended (code 0) at Thứ năm, 07 Tháng 4 năm 2022 14:09:01 +07, elapsed time 0 seconds
